        Memory Usage by Core
        ====================

Generated: Tue Sep 10 17:23:25 2019 for target machine '10.11.194.129'

Planned by partitioner
----------------------
Based on 1000 timesteps

SDRAM reqs for core (0,0,3) is 2 KB (3024 bytes) for Placement(vertex=AbstractPopulationVertex_1:0:33, x=0, y=0, p=3)
SDRAM reqs for core (0,0,4) is 19 KB (19816 bytes) for Placement(vertex=AbstractPopulationVertex_2:0:254, x=0, y=0, p=4)
SDRAM reqs for core (0,0,8) is 7 KB (7352 bytes) for Placement(vertex=AbstractPopulationVertex_2:1020:1110, x=0, y=0, p=8)
SDRAM reqs for core (0,0,5) is 19 KB (19816 bytes) for Placement(vertex=AbstractPopulationVertex_2:255:509, x=0, y=0, p=5)
SDRAM reqs for core (0,0,6) is 19 KB (19816 bytes) for Placement(vertex=AbstractPopulationVertex_2:510:764, x=0, y=0, p=6)
SDRAM reqs for core (0,0,7) is 19 KB (19816 bytes) for Placement(vertex=AbstractPopulationVertex_2:765:1019, x=0, y=0, p=7)
SDRAM reqs for core (0,0,9) is 19 KB (19816 bytes) for Placement(vertex=AbstractPopulationVertex_3:0:254, x=0, y=0, p=9)
SDRAM reqs for core (0,1,4) is 19 KB (19816 bytes) for Placement(vertex=AbstractPopulationVertex_3:10200:10454, x=0, y=1, p=4)
SDRAM reqs for core (0,0,13) is 19 KB (19816 bytes) for Placement(vertex=AbstractPopulationVertex_3:1020:1274, x=0, y=0, p=13)
SDRAM reqs for core (0,1,5) is 19 KB (19816 bytes) for Placement(vertex=AbstractPopulationVertex_3:10455:10709, x=0, y=1, p=5)
SDRAM reqs for core (0,1,6) is 19 KB (19816 bytes) for Placement(vertex=AbstractPopulationVertex_3:10710:10964, x=0, y=1, p=6)
SDRAM reqs for core (0,1,7) is 19 KB (19816 bytes) for Placement(vertex=AbstractPopulationVertex_3:10965:11219, x=0, y=1, p=7)
SDRAM reqs for core (0,1,8) is 19 KB (19816 bytes) for Placement(vertex=AbstractPopulationVertex_3:11220:11474, x=0, y=1, p=8)
SDRAM reqs for core (0,1,9) is 19 KB (19816 bytes) for Placement(vertex=AbstractPopulationVertex_3:11475:11729, x=0, y=1, p=9)
SDRAM reqs for core (0,1,10) is 19 KB (19816 bytes) for Placement(vertex=AbstractPopulationVertex_3:11730:11984, x=0, y=1, p=10)
SDRAM reqs for core (0,1,11) is 19 KB (19816 bytes) for Placement(vertex=AbstractPopulationVertex_3:11985:12239, x=0, y=1, p=11)
SDRAM reqs for core (0,1,12) is 19 KB (19816 bytes) for Placement(vertex=AbstractPopulationVertex_3:12240:12494, x=0, y=1, p=12)
SDRAM reqs for core (0,1,13) is 19 KB (19816 bytes) for Placement(vertex=AbstractPopulationVertex_3:12495:12749, x=0, y=1, p=13)
SDRAM reqs for core (0,1,14) is 19 KB (19816 bytes) for Placement(vertex=AbstractPopulationVertex_3:12750:13004, x=0, y=1, p=14)
SDRAM reqs for core (0,0,14) is 19 KB (19816 bytes) for Placement(vertex=AbstractPopulationVertex_3:1275:1529, x=0, y=0, p=14)
SDRAM reqs for core (0,1,15) is 19 KB (19816 bytes) for Placement(vertex=AbstractPopulationVertex_3:13005:13259, x=0, y=1, p=15)
SDRAM reqs for core (0,1,16) is 19 KB (19816 bytes) for Placement(vertex=AbstractPopulationVertex_3:13260:13514, x=0, y=1, p=16)
SDRAM reqs for core (2,0,2) is 5 KB (5688 bytes) for Placement(vertex=AbstractPopulationVertex_3:13515:13583, x=2, y=0, p=2)
SDRAM reqs for core (0,0,15) is 19 KB (19816 bytes) for Placement(vertex=AbstractPopulationVertex_3:1530:1784, x=0, y=0, p=15)
SDRAM reqs for core (0,0,16) is 19 KB (19816 bytes) for Placement(vertex=AbstractPopulationVertex_3:1785:2039, x=0, y=0, p=16)
SDRAM reqs for core (1,0,2) is 19 KB (19816 bytes) for Placement(vertex=AbstractPopulationVertex_3:2040:2294, x=1, y=0, p=2)
SDRAM reqs for core (1,0,3) is 19 KB (19816 bytes) for Placement(vertex=AbstractPopulationVertex_3:2295:2549, x=1, y=0, p=3)
SDRAM reqs for core (1,0,4) is 19 KB (19816 bytes) for Placement(vertex=AbstractPopulationVertex_3:2550:2804, x=1, y=0, p=4)
SDRAM reqs for core (0,0,10) is 19 KB (19816 bytes) for Placement(vertex=AbstractPopulationVertex_3:255:509, x=0, y=0, p=10)
SDRAM reqs for core (1,0,5) is 19 KB (19816 bytes) for Placement(vertex=AbstractPopulationVertex_3:2805:3059, x=1, y=0, p=5)
SDRAM reqs for core (1,0,6) is 19 KB (19816 bytes) for Placement(vertex=AbstractPopulationVertex_3:3060:3314, x=1, y=0, p=6)
SDRAM reqs for core (1,0,7) is 19 KB (19816 bytes) for Placement(vertex=AbstractPopulationVertex_3:3315:3569, x=1, y=0, p=7)
SDRAM reqs for core (1,0,8) is 19 KB (19816 bytes) for Placement(vertex=AbstractPopulationVertex_3:3570:3824, x=1, y=0, p=8)
SDRAM reqs for core (1,0,9) is 19 KB (19816 bytes) for Placement(vertex=AbstractPopulationVertex_3:3825:4079, x=1, y=0, p=9)
SDRAM reqs for core (1,0,10) is 19 KB (19816 bytes) for Placement(vertex=AbstractPopulationVertex_3:4080:4334, x=1, y=0, p=10)
SDRAM reqs for core (1,0,11) is 19 KB (19816 bytes) for Placement(vertex=AbstractPopulationVertex_3:4335:4589, x=1, y=0, p=11)
SDRAM reqs for core (1,0,12) is 19 KB (19816 bytes) for Placement(vertex=AbstractPopulationVertex_3:4590:4844, x=1, y=0, p=12)
SDRAM reqs for core (1,0,13) is 19 KB (19816 bytes) for Placement(vertex=AbstractPopulationVertex_3:4845:5099, x=1, y=0, p=13)
SDRAM reqs for core (1,0,14) is 19 KB (19816 bytes) for Placement(vertex=AbstractPopulationVertex_3:5100:5354, x=1, y=0, p=14)
SDRAM reqs for core (0,0,11) is 19 KB (19816 bytes) for Placement(vertex=AbstractPopulationVertex_3:510:764, x=0, y=0, p=11)
SDRAM reqs for core (1,0,15) is 19 KB (19816 bytes) for Placement(vertex=AbstractPopulationVertex_3:5355:5609, x=1, y=0, p=15)
SDRAM reqs for core (1,0,16) is 19 KB (19816 bytes) for Placement(vertex=AbstractPopulationVertex_3:5610:5864, x=1, y=0, p=16)
SDRAM reqs for core (1,1,2) is 19 KB (19816 bytes) for Placement(vertex=AbstractPopulationVertex_3:5865:6119, x=1, y=1, p=2)
SDRAM reqs for core (1,1,3) is 19 KB (19816 bytes) for Placement(vertex=AbstractPopulationVertex_3:6120:6374, x=1, y=1, p=3)
SDRAM reqs for core (1,1,4) is 19 KB (19816 bytes) for Placement(vertex=AbstractPopulationVertex_3:6375:6629, x=1, y=1, p=4)
SDRAM reqs for core (1,1,5) is 19 KB (19816 bytes) for Placement(vertex=AbstractPopulationVertex_3:6630:6884, x=1, y=1, p=5)
SDRAM reqs for core (1,1,6) is 19 KB (19816 bytes) for Placement(vertex=AbstractPopulationVertex_3:6885:7139, x=1, y=1, p=6)
SDRAM reqs for core (1,1,7) is 19 KB (19816 bytes) for Placement(vertex=AbstractPopulationVertex_3:7140:7394, x=1, y=1, p=7)
SDRAM reqs for core (1,1,8) is 19 KB (19816 bytes) for Placement(vertex=AbstractPopulationVertex_3:7395:7649, x=1, y=1, p=8)
SDRAM reqs for core (1,1,9) is 19 KB (19816 bytes) for Placement(vertex=AbstractPopulationVertex_3:7650:7904, x=1, y=1, p=9)
SDRAM reqs for core (0,0,12) is 19 KB (19816 bytes) for Placement(vertex=AbstractPopulationVertex_3:765:1019, x=0, y=0, p=12)
SDRAM reqs for core (1,1,10) is 19 KB (19816 bytes) for Placement(vertex=AbstractPopulationVertex_3:7905:8159, x=1, y=1, p=10)
SDRAM reqs for core (1,1,11) is 19 KB (19816 bytes) for Placement(vertex=AbstractPopulationVertex_3:8160:8414, x=1, y=1, p=11)
SDRAM reqs for core (1,1,12) is 19 KB (19816 bytes) for Placement(vertex=AbstractPopulationVertex_3:8415:8669, x=1, y=1, p=12)
SDRAM reqs for core (1,1,13) is 19 KB (19816 bytes) for Placement(vertex=AbstractPopulationVertex_3:8670:8924, x=1, y=1, p=13)
SDRAM reqs for core (1,1,14) is 19 KB (19816 bytes) for Placement(vertex=AbstractPopulationVertex_3:8925:9179, x=1, y=1, p=14)
SDRAM reqs for core (1,1,15) is 19 KB (19816 bytes) for Placement(vertex=AbstractPopulationVertex_3:9180:9434, x=1, y=1, p=15)
SDRAM reqs for core (1,1,16) is 19 KB (19816 bytes) for Placement(vertex=AbstractPopulationVertex_3:9435:9689, x=1, y=1, p=16)
SDRAM reqs for core (0,1,2) is 19 KB (19816 bytes) for Placement(vertex=AbstractPopulationVertex_3:9690:9944, x=0, y=1, p=2)
SDRAM reqs for core (0,1,3) is 19 KB (19816 bytes) for Placement(vertex=AbstractPopulationVertex_3:9945:10199, x=0, y=1, p=3)
SDRAM reqs for core (2,0,3) is 1288 KB (1319060 bytes) for Placement(vertex=AbstractPopulationVertex_4:0:254, x=2, y=0, p=3)
SDRAM reqs for core (2,2,13) is 1288 KB (1319060 bytes) for Placement(vertex=AbstractPopulationVertex_4:10200:10454, x=2, y=2, p=13)
SDRAM reqs for core (2,0,7) is 1288 KB (1319060 bytes) for Placement(vertex=AbstractPopulationVertex_4:1020:1274, x=2, y=0, p=7)
SDRAM reqs for core (2,2,14) is 1288 KB (1319060 bytes) for Placement(vertex=AbstractPopulationVertex_4:10455:10709, x=2, y=2, p=14)
SDRAM reqs for core (2,2,15) is 1288 KB (1319060 bytes) for Placement(vertex=AbstractPopulationVertex_4:10710:10964, x=2, y=2, p=15)
SDRAM reqs for core (2,2,16) is 1288 KB (1319060 bytes) for Placement(vertex=AbstractPopulationVertex_4:10965:11219, x=2, y=2, p=16)
SDRAM reqs for core (1,2,2) is 1288 KB (1319060 bytes) for Placement(vertex=AbstractPopulationVertex_4:11220:11474, x=1, y=2, p=2)
SDRAM reqs for core (1,2,3) is 1288 KB (1319060 bytes) for Placement(vertex=AbstractPopulationVertex_4:11475:11729, x=1, y=2, p=3)
SDRAM reqs for core (1,2,4) is 1288 KB (1319060 bytes) for Placement(vertex=AbstractPopulationVertex_4:11730:11984, x=1, y=2, p=4)
SDRAM reqs for core (1,2,5) is 1288 KB (1319060 bytes) for Placement(vertex=AbstractPopulationVertex_4:11985:12239, x=1, y=2, p=5)
SDRAM reqs for core (1,2,6) is 1288 KB (1319060 bytes) for Placement(vertex=AbstractPopulationVertex_4:12240:12494, x=1, y=2, p=6)
SDRAM reqs for core (1,2,7) is 1288 KB (1319060 bytes) for Placement(vertex=AbstractPopulationVertex_4:12495:12749, x=1, y=2, p=7)
SDRAM reqs for core (1,2,8) is 1288 KB (1319060 bytes) for Placement(vertex=AbstractPopulationVertex_4:12750:13004, x=1, y=2, p=8)
SDRAM reqs for core (2,0,8) is 1288 KB (1319060 bytes) for Placement(vertex=AbstractPopulationVertex_4:1275:1529, x=2, y=0, p=8)
SDRAM reqs for core (1,2,9) is 1288 KB (1319060 bytes) for Placement(vertex=AbstractPopulationVertex_4:13005:13259, x=1, y=2, p=9)
SDRAM reqs for core (1,2,10) is 1288 KB (1319060 bytes) for Placement(vertex=AbstractPopulationVertex_4:13260:13514, x=1, y=2, p=10)
SDRAM reqs for core (1,2,11) is 528 KB (540932 bytes) for Placement(vertex=AbstractPopulationVertex_4:13515:13583, x=1, y=2, p=11)
SDRAM reqs for core (2,0,9) is 1288 KB (1319060 bytes) for Placement(vertex=AbstractPopulationVertex_4:1530:1784, x=2, y=0, p=9)
SDRAM reqs for core (2,0,10) is 1288 KB (1319060 bytes) for Placement(vertex=AbstractPopulationVertex_4:1785:2039, x=2, y=0, p=10)
SDRAM reqs for core (2,0,11) is 1288 KB (1319060 bytes) for Placement(vertex=AbstractPopulationVertex_4:2040:2294, x=2, y=0, p=11)
SDRAM reqs for core (2,0,12) is 1288 KB (1319060 bytes) for Placement(vertex=AbstractPopulationVertex_4:2295:2549, x=2, y=0, p=12)
SDRAM reqs for core (2,0,13) is 1288 KB (1319060 bytes) for Placement(vertex=AbstractPopulationVertex_4:2550:2804, x=2, y=0, p=13)
SDRAM reqs for core (2,0,4) is 1288 KB (1319060 bytes) for Placement(vertex=AbstractPopulationVertex_4:255:509, x=2, y=0, p=4)
SDRAM reqs for core (2,0,14) is 1288 KB (1319060 bytes) for Placement(vertex=AbstractPopulationVertex_4:2805:3059, x=2, y=0, p=14)
SDRAM reqs for core (2,0,15) is 1288 KB (1319060 bytes) for Placement(vertex=AbstractPopulationVertex_4:3060:3314, x=2, y=0, p=15)
SDRAM reqs for core (2,0,16) is 1288 KB (1319060 bytes) for Placement(vertex=AbstractPopulationVertex_4:3315:3569, x=2, y=0, p=16)
SDRAM reqs for core (2,1,2) is 1288 KB (1319060 bytes) for Placement(vertex=AbstractPopulationVertex_4:3570:3824, x=2, y=1, p=2)
SDRAM reqs for core (2,1,3) is 1288 KB (1319060 bytes) for Placement(vertex=AbstractPopulationVertex_4:3825:4079, x=2, y=1, p=3)
SDRAM reqs for core (2,1,4) is 1288 KB (1319060 bytes) for Placement(vertex=AbstractPopulationVertex_4:4080:4334, x=2, y=1, p=4)
SDRAM reqs for core (2,1,5) is 1288 KB (1319060 bytes) for Placement(vertex=AbstractPopulationVertex_4:4335:4589, x=2, y=1, p=5)
SDRAM reqs for core (2,1,6) is 1288 KB (1319060 bytes) for Placement(vertex=AbstractPopulationVertex_4:4590:4844, x=2, y=1, p=6)
SDRAM reqs for core (2,1,7) is 1288 KB (1319060 bytes) for Placement(vertex=AbstractPopulationVertex_4:4845:5099, x=2, y=1, p=7)
SDRAM reqs for core (2,1,8) is 1288 KB (1319060 bytes) for Placement(vertex=AbstractPopulationVertex_4:5100:5354, x=2, y=1, p=8)
SDRAM reqs for core (2,0,5) is 1288 KB (1319060 bytes) for Placement(vertex=AbstractPopulationVertex_4:510:764, x=2, y=0, p=5)
SDRAM reqs for core (2,1,9) is 1288 KB (1319060 bytes) for Placement(vertex=AbstractPopulationVertex_4:5355:5609, x=2, y=1, p=9)
SDRAM reqs for core (2,1,10) is 1288 KB (1319060 bytes) for Placement(vertex=AbstractPopulationVertex_4:5610:5864, x=2, y=1, p=10)
SDRAM reqs for core (2,1,11) is 1288 KB (1319060 bytes) for Placement(vertex=AbstractPopulationVertex_4:5865:6119, x=2, y=1, p=11)
SDRAM reqs for core (2,1,12) is 1288 KB (1319060 bytes) for Placement(vertex=AbstractPopulationVertex_4:6120:6374, x=2, y=1, p=12)
SDRAM reqs for core (2,1,13) is 1288 KB (1319060 bytes) for Placement(vertex=AbstractPopulationVertex_4:6375:6629, x=2, y=1, p=13)
SDRAM reqs for core (2,1,14) is 1288 KB (1319060 bytes) for Placement(vertex=AbstractPopulationVertex_4:6630:6884, x=2, y=1, p=14)
SDRAM reqs for core (2,1,15) is 1288 KB (1319060 bytes) for Placement(vertex=AbstractPopulationVertex_4:6885:7139, x=2, y=1, p=15)
SDRAM reqs for core (2,1,16) is 1288 KB (1319060 bytes) for Placement(vertex=AbstractPopulationVertex_4:7140:7394, x=2, y=1, p=16)
SDRAM reqs for core (2,2,2) is 1288 KB (1319060 bytes) for Placement(vertex=AbstractPopulationVertex_4:7395:7649, x=2, y=2, p=2)
SDRAM reqs for core (2,2,3) is 1288 KB (1319060 bytes) for Placement(vertex=AbstractPopulationVertex_4:7650:7904, x=2, y=2, p=3)
SDRAM reqs for core (2,0,6) is 1288 KB (1319060 bytes) for Placement(vertex=AbstractPopulationVertex_4:765:1019, x=2, y=0, p=6)
SDRAM reqs for core (2,2,4) is 1288 KB (1319060 bytes) for Placement(vertex=AbstractPopulationVertex_4:7905:8159, x=2, y=2, p=4)
SDRAM reqs for core (2,2,5) is 1288 KB (1319060 bytes) for Placement(vertex=AbstractPopulationVertex_4:8160:8414, x=2, y=2, p=5)
SDRAM reqs for core (2,2,6) is 1288 KB (1319060 bytes) for Placement(vertex=AbstractPopulationVertex_4:8415:8669, x=2, y=2, p=6)
SDRAM reqs for core (2,2,7) is 1288 KB (1319060 bytes) for Placement(vertex=AbstractPopulationVertex_4:8670:8924, x=2, y=2, p=7)
SDRAM reqs for core (2,2,8) is 1288 KB (1319060 bytes) for Placement(vertex=AbstractPopulationVertex_4:8925:9179, x=2, y=2, p=8)
SDRAM reqs for core (2,2,9) is 1288 KB (1319060 bytes) for Placement(vertex=AbstractPopulationVertex_4:9180:9434, x=2, y=2, p=9)
SDRAM reqs for core (2,2,10) is 1288 KB (1319060 bytes) for Placement(vertex=AbstractPopulationVertex_4:9435:9689, x=2, y=2, p=10)
SDRAM reqs for core (2,2,11) is 1288 KB (1319060 bytes) for Placement(vertex=AbstractPopulationVertex_4:9690:9944, x=2, y=2, p=11)
SDRAM reqs for core (2,2,12) is 1288 KB (1319060 bytes) for Placement(vertex=AbstractPopulationVertex_4:9945:10199, x=2, y=2, p=12)
SDRAM reqs for core (1,2,12) is 1 KB (1128 bytes) for Placement(vertex=AbstractPopulationVertex_5:0:8, x=1, y=2, p=12)
SDRAM reqs for core (1,2,13) is 7 KB (7728 bytes) for Placement(vertex=AbstractPopulationVertex_6:0:95, x=1, y=2, p=13)
SDRAM reqs for core (1,2,14) is 7 KB (7728 bytes) for Placement(vertex=AbstractPopulationVertex_7:0:95, x=1, y=2, p=14)
SDRAM reqs for core (1,2,15) is 1 KB (1040 bytes) for Placement(vertex=AbstractPopulationVertex_8:0:7, x=1, y=2, p=15)
SDRAM reqs for core (0,0,1) is 476 KB (488136 bytes) for Placement(vertex=SYSTEM:ExtraMonitor, x=0, y=0, p=1)
SDRAM reqs for core (0,1,1) is 476 KB (488136 bytes) for Placement(vertex=SYSTEM:ExtraMonitor1, x=0, y=1, p=1)
SDRAM reqs for core (2,1,1) is 476 KB (488136 bytes) for Placement(vertex=SYSTEM:ExtraMonitor10, x=2, y=1, p=1)
SDRAM reqs for core (2,2,1) is 476 KB (488136 bytes) for Placement(vertex=SYSTEM:ExtraMonitor11, x=2, y=2, p=1)
SDRAM reqs for core (2,3,1) is 476 KB (488136 bytes) for Placement(vertex=SYSTEM:ExtraMonitor12, x=2, y=3, p=1)
SDRAM reqs for core (2,4,1) is 476 KB (488136 bytes) for Placement(vertex=SYSTEM:ExtraMonitor13, x=2, y=4, p=1)
SDRAM reqs for core (2,5,1) is 476 KB (488136 bytes) for Placement(vertex=SYSTEM:ExtraMonitor14, x=2, y=5, p=1)
SDRAM reqs for core (3,0,1) is 476 KB (488136 bytes) for Placement(vertex=SYSTEM:ExtraMonitor15, x=3, y=0, p=1)
SDRAM reqs for core (3,1,1) is 476 KB (488136 bytes) for Placement(vertex=SYSTEM:ExtraMonitor16, x=3, y=1, p=1)
SDRAM reqs for core (3,2,1) is 476 KB (488136 bytes) for Placement(vertex=SYSTEM:ExtraMonitor17, x=3, y=2, p=1)
SDRAM reqs for core (3,3,1) is 476 KB (488136 bytes) for Placement(vertex=SYSTEM:ExtraMonitor18, x=3, y=3, p=1)
SDRAM reqs for core (3,4,1) is 476 KB (488136 bytes) for Placement(vertex=SYSTEM:ExtraMonitor19, x=3, y=4, p=1)
SDRAM reqs for core (0,2,1) is 476 KB (488136 bytes) for Placement(vertex=SYSTEM:ExtraMonitor2, x=0, y=2, p=1)
SDRAM reqs for core (3,5,1) is 476 KB (488136 bytes) for Placement(vertex=SYSTEM:ExtraMonitor20, x=3, y=5, p=1)
SDRAM reqs for core (3,6,1) is 476 KB (488136 bytes) for Placement(vertex=SYSTEM:ExtraMonitor21, x=3, y=6, p=1)
SDRAM reqs for core (4,0,1) is 476 KB (488136 bytes) for Placement(vertex=SYSTEM:ExtraMonitor22, x=4, y=0, p=1)
SDRAM reqs for core (4,1,1) is 476 KB (488136 bytes) for Placement(vertex=SYSTEM:ExtraMonitor23, x=4, y=1, p=1)
SDRAM reqs for core (4,2,1) is 476 KB (488136 bytes) for Placement(vertex=SYSTEM:ExtraMonitor24, x=4, y=2, p=1)
SDRAM reqs for core (4,3,1) is 476 KB (488136 bytes) for Placement(vertex=SYSTEM:ExtraMonitor25, x=4, y=3, p=1)
SDRAM reqs for core (4,4,1) is 476 KB (488136 bytes) for Placement(vertex=SYSTEM:ExtraMonitor26, x=4, y=4, p=1)
SDRAM reqs for core (4,5,1) is 476 KB (488136 bytes) for Placement(vertex=SYSTEM:ExtraMonitor27, x=4, y=5, p=1)
SDRAM reqs for core (4,6,1) is 476 KB (488136 bytes) for Placement(vertex=SYSTEM:ExtraMonitor28, x=4, y=6, p=1)
SDRAM reqs for core (4,7,1) is 476 KB (488136 bytes) for Placement(vertex=SYSTEM:ExtraMonitor29, x=4, y=7, p=1)
SDRAM reqs for core (0,3,1) is 476 KB (488136 bytes) for Placement(vertex=SYSTEM:ExtraMonitor3, x=0, y=3, p=1)
SDRAM reqs for core (5,1,1) is 476 KB (488136 bytes) for Placement(vertex=SYSTEM:ExtraMonitor30, x=5, y=1, p=1)
SDRAM reqs for core (5,2,1) is 476 KB (488136 bytes) for Placement(vertex=SYSTEM:ExtraMonitor31, x=5, y=2, p=1)
SDRAM reqs for core (5,3,1) is 476 KB (488136 bytes) for Placement(vertex=SYSTEM:ExtraMonitor32, x=5, y=3, p=1)
SDRAM reqs for core (5,4,1) is 476 KB (488136 bytes) for Placement(vertex=SYSTEM:ExtraMonitor33, x=5, y=4, p=1)
SDRAM reqs for core (5,5,1) is 476 KB (488136 bytes) for Placement(vertex=SYSTEM:ExtraMonitor34, x=5, y=5, p=1)
SDRAM reqs for core (5,6,1) is 476 KB (488136 bytes) for Placement(vertex=SYSTEM:ExtraMonitor35, x=5, y=6, p=1)
SDRAM reqs for core (5,7,1) is 476 KB (488136 bytes) for Placement(vertex=SYSTEM:ExtraMonitor36, x=5, y=7, p=1)
SDRAM reqs for core (6,2,1) is 476 KB (488136 bytes) for Placement(vertex=SYSTEM:ExtraMonitor37, x=6, y=2, p=1)
SDRAM reqs for core (6,3,1) is 476 KB (488136 bytes) for Placement(vertex=SYSTEM:ExtraMonitor38, x=6, y=3, p=1)
SDRAM reqs for core (6,4,1) is 476 KB (488136 bytes) for Placement(vertex=SYSTEM:ExtraMonitor39, x=6, y=4, p=1)
SDRAM reqs for core (1,0,1) is 476 KB (488136 bytes) for Placement(vertex=SYSTEM:ExtraMonitor4, x=1, y=0, p=1)
SDRAM reqs for core (6,5,1) is 476 KB (488136 bytes) for Placement(vertex=SYSTEM:ExtraMonitor40, x=6, y=5, p=1)
SDRAM reqs for core (6,6,1) is 476 KB (488136 bytes) for Placement(vertex=SYSTEM:ExtraMonitor41, x=6, y=6, p=1)
SDRAM reqs for core (6,7,1) is 476 KB (488136 bytes) for Placement(vertex=SYSTEM:ExtraMonitor42, x=6, y=7, p=1)
SDRAM reqs for core (7,3,1) is 476 KB (488136 bytes) for Placement(vertex=SYSTEM:ExtraMonitor43, x=7, y=3, p=1)
SDRAM reqs for core (7,4,1) is 476 KB (488136 bytes) for Placement(vertex=SYSTEM:ExtraMonitor44, x=7, y=4, p=1)
SDRAM reqs for core (7,5,1) is 476 KB (488136 bytes) for Placement(vertex=SYSTEM:ExtraMonitor45, x=7, y=5, p=1)
SDRAM reqs for core (7,6,1) is 476 KB (488136 bytes) for Placement(vertex=SYSTEM:ExtraMonitor46, x=7, y=6, p=1)
SDRAM reqs for core (7,7,1) is 476 KB (488136 bytes) for Placement(vertex=SYSTEM:ExtraMonitor47, x=7, y=7, p=1)
SDRAM reqs for core (1,1,1) is 476 KB (488136 bytes) for Placement(vertex=SYSTEM:ExtraMonitor5, x=1, y=1, p=1)
SDRAM reqs for core (1,2,1) is 476 KB (488136 bytes) for Placement(vertex=SYSTEM:ExtraMonitor6, x=1, y=2, p=1)
SDRAM reqs for core (1,3,1) is 476 KB (488136 bytes) for Placement(vertex=SYSTEM:ExtraMonitor7, x=1, y=3, p=1)
SDRAM reqs for core (1,4,1) is 476 KB (488136 bytes) for Placement(vertex=SYSTEM:ExtraMonitor8, x=1, y=4, p=1)
SDRAM reqs for core (2,0,1) is 476 KB (488136 bytes) for Placement(vertex=SYSTEM:ExtraMonitor9, x=2, y=0, p=1)
SDRAM reqs for core (0,0,2) is 459 KB (470200 bytes) for Placement(vertex=SYSTEM:PacketGatherer(0,0), x=0, y=0, p=2)
SDRAM reqs for core (1,2,16) is 54423 KB (55729906 bytes) for Placement(vertex=SpikeSourceArrayVertex_9:0:13583, x=1, y=2, p=16)
**** Chip: (0, 0) has total memory usage of 1178 KB (1206504 bytes) out of a max of 120575 KB (123469792 bytes)

**** Chip: (0, 1) has total memory usage of 766 KB (785376 bytes) out of a max of 120575 KB (123469792 bytes)

**** Chip: (0, 2) has total memory usage of 476 KB (488136 bytes) out of a max of 120575 KB (123469792 bytes)

**** Chip: (0, 3) has total memory usage of 476 KB (488136 bytes) out of a max of 120575 KB (123469792 bytes)

**** Chip: (1, 0) has total memory usage of 766 KB (785376 bytes) out of a max of 120575 KB (123469792 bytes)

**** Chip: (1, 1) has total memory usage of 766 KB (785376 bytes) out of a max of 120575 KB (123469792 bytes)

**** Chip: (1, 2) has total memory usage of 67039 KB (68648138 bytes) out of a max of 120575 KB (123469792 bytes)

**** Chip: (1, 3) has total memory usage of 476 KB (488136 bytes) out of a max of 120575 KB (123469792 bytes)

**** Chip: (1, 4) has total memory usage of 476 KB (488136 bytes) out of a max of 120575 KB (123469792 bytes)

**** Chip: (2, 0) has total memory usage of 18516 KB (18960664 bytes) out of a max of 120575 KB (123469792 bytes)

**** Chip: (2, 1) has total memory usage of 19798 KB (20274036 bytes) out of a max of 120575 KB (123469792 bytes)

**** Chip: (2, 2) has total memory usage of 19798 KB (20274036 bytes) out of a max of 120575 KB (123469792 bytes)

**** Chip: (2, 3) has total memory usage of 476 KB (488136 bytes) out of a max of 120575 KB (123469792 bytes)

**** Chip: (2, 4) has total memory usage of 476 KB (488136 bytes) out of a max of 120575 KB (123469792 bytes)

**** Chip: (2, 5) has total memory usage of 476 KB (488136 bytes) out of a max of 120575 KB (123469792 bytes)

**** Chip: (3, 0) has total memory usage of 476 KB (488136 bytes) out of a max of 120575 KB (123469792 bytes)

**** Chip: (3, 1) has total memory usage of 476 KB (488136 bytes) out of a max of 120575 KB (123469792 bytes)

**** Chip: (3, 2) has total memory usage of 476 KB (488136 bytes) out of a max of 120575 KB (123469792 bytes)

**** Chip: (3, 3) has total memory usage of 476 KB (488136 bytes) out of a max of 120575 KB (123469792 bytes)

**** Chip: (3, 4) has total memory usage of 476 KB (488136 bytes) out of a max of 120575 KB (123469792 bytes)

**** Chip: (3, 5) has total memory usage of 476 KB (488136 bytes) out of a max of 120575 KB (123469792 bytes)

**** Chip: (3, 6) has total memory usage of 476 KB (488136 bytes) out of a max of 120575 KB (123469792 bytes)

**** Chip: (4, 0) has total memory usage of 476 KB (488136 bytes) out of a max of 120575 KB (123469792 bytes)

**** Chip: (4, 1) has total memory usage of 476 KB (488136 bytes) out of a max of 120575 KB (123469792 bytes)

**** Chip: (4, 2) has total memory usage of 476 KB (488136 bytes) out of a max of 120575 KB (123469792 bytes)

**** Chip: (4, 3) has total memory usage of 476 KB (488136 bytes) out of a max of 120575 KB (123469792 bytes)

**** Chip: (4, 4) has total memory usage of 476 KB (488136 bytes) out of a max of 120575 KB (123469792 bytes)

**** Chip: (4, 5) has total memory usage of 476 KB (488136 bytes) out of a max of 120575 KB (123469792 bytes)

**** Chip: (4, 6) has total memory usage of 476 KB (488136 bytes) out of a max of 120575 KB (123469792 bytes)

**** Chip: (4, 7) has total memory usage of 476 KB (488136 bytes) out of a max of 120575 KB (123469792 bytes)

**** Chip: (5, 1) has total memory usage of 476 KB (488136 bytes) out of a max of 120575 KB (123469792 bytes)

**** Chip: (5, 2) has total memory usage of 476 KB (488136 bytes) out of a max of 120575 KB (123469792 bytes)

**** Chip: (5, 3) has total memory usage of 476 KB (488136 bytes) out of a max of 120575 KB (123469792 bytes)

**** Chip: (5, 4) has total memory usage of 476 KB (488136 bytes) out of a max of 120575 KB (123469792 bytes)

**** Chip: (5, 5) has total memory usage of 476 KB (488136 bytes) out of a max of 120575 KB (123469792 bytes)

**** Chip: (5, 6) has total memory usage of 476 KB (488136 bytes) out of a max of 120575 KB (123469792 bytes)

**** Chip: (5, 7) has total memory usage of 476 KB (488136 bytes) out of a max of 120575 KB (123469792 bytes)

**** Chip: (6, 2) has total memory usage of 476 KB (488136 bytes) out of a max of 120575 KB (123469792 bytes)

**** Chip: (6, 3) has total memory usage of 476 KB (488136 bytes) out of a max of 120575 KB (123469792 bytes)

**** Chip: (6, 4) has total memory usage of 476 KB (488136 bytes) out of a max of 120575 KB (123469792 bytes)

**** Chip: (6, 5) has total memory usage of 476 KB (488136 bytes) out of a max of 120575 KB (123469792 bytes)

**** Chip: (6, 6) has total memory usage of 476 KB (488136 bytes) out of a max of 120575 KB (123469792 bytes)

**** Chip: (6, 7) has total memory usage of 476 KB (488136 bytes) out of a max of 120575 KB (123469792 bytes)

**** Chip: (7, 3) has total memory usage of 476 KB (488136 bytes) out of a max of 120575 KB (123469792 bytes)

**** Chip: (7, 4) has total memory usage of 476 KB (488136 bytes) out of a max of 120575 KB (123469792 bytes)

**** Chip: (7, 5) has total memory usage of 476 KB (488136 bytes) out of a max of 120575 KB (123469792 bytes)

**** Chip: (7, 6) has total memory usage of 476 KB (488136 bytes) out of a max of 120575 KB (123469792 bytes)

**** Chip: (7, 7) has total memory usage of 476 KB (488136 bytes) out of a max of 120575 KB (123469792 bytes)


Actual space reserved on the machine
----------------------
Based on 1836 timesteps

SDRAM reqs for core (0,0,3) is 2 KB (3024 bytes) for Placement(vertex=AbstractPopulationVertex_1:0:33, x=0, y=0, p=3)
SDRAM reqs for core (0,0,4) is 19 KB (19816 bytes) for Placement(vertex=AbstractPopulationVertex_2:0:254, x=0, y=0, p=4)
SDRAM reqs for core (0,0,8) is 7 KB (7352 bytes) for Placement(vertex=AbstractPopulationVertex_2:1020:1110, x=0, y=0, p=8)
SDRAM reqs for core (0,0,5) is 19 KB (19816 bytes) for Placement(vertex=AbstractPopulationVertex_2:255:509, x=0, y=0, p=5)
SDRAM reqs for core (0,0,6) is 19 KB (19816 bytes) for Placement(vertex=AbstractPopulationVertex_2:510:764, x=0, y=0, p=6)
SDRAM reqs for core (0,0,7) is 19 KB (19816 bytes) for Placement(vertex=AbstractPopulationVertex_2:765:1019, x=0, y=0, p=7)
SDRAM reqs for core (0,0,9) is 19 KB (19816 bytes) for Placement(vertex=AbstractPopulationVertex_3:0:254, x=0, y=0, p=9)
SDRAM reqs for core (0,1,4) is 19 KB (19816 bytes) for Placement(vertex=AbstractPopulationVertex_3:10200:10454, x=0, y=1, p=4)
SDRAM reqs for core (0,0,13) is 19 KB (19816 bytes) for Placement(vertex=AbstractPopulationVertex_3:1020:1274, x=0, y=0, p=13)
SDRAM reqs for core (0,1,5) is 19 KB (19816 bytes) for Placement(vertex=AbstractPopulationVertex_3:10455:10709, x=0, y=1, p=5)
SDRAM reqs for core (0,1,6) is 19 KB (19816 bytes) for Placement(vertex=AbstractPopulationVertex_3:10710:10964, x=0, y=1, p=6)
SDRAM reqs for core (0,1,7) is 19 KB (19816 bytes) for Placement(vertex=AbstractPopulationVertex_3:10965:11219, x=0, y=1, p=7)
SDRAM reqs for core (0,1,8) is 19 KB (19816 bytes) for Placement(vertex=AbstractPopulationVertex_3:11220:11474, x=0, y=1, p=8)
SDRAM reqs for core (0,1,9) is 19 KB (19816 bytes) for Placement(vertex=AbstractPopulationVertex_3:11475:11729, x=0, y=1, p=9)
SDRAM reqs for core (0,1,10) is 19 KB (19816 bytes) for Placement(vertex=AbstractPopulationVertex_3:11730:11984, x=0, y=1, p=10)
SDRAM reqs for core (0,1,11) is 19 KB (19816 bytes) for Placement(vertex=AbstractPopulationVertex_3:11985:12239, x=0, y=1, p=11)
SDRAM reqs for core (0,1,12) is 19 KB (19816 bytes) for Placement(vertex=AbstractPopulationVertex_3:12240:12494, x=0, y=1, p=12)
SDRAM reqs for core (0,1,13) is 19 KB (19816 bytes) for Placement(vertex=AbstractPopulationVertex_3:12495:12749, x=0, y=1, p=13)
SDRAM reqs for core (0,1,14) is 19 KB (19816 bytes) for Placement(vertex=AbstractPopulationVertex_3:12750:13004, x=0, y=1, p=14)
SDRAM reqs for core (0,0,14) is 19 KB (19816 bytes) for Placement(vertex=AbstractPopulationVertex_3:1275:1529, x=0, y=0, p=14)
SDRAM reqs for core (0,1,15) is 19 KB (19816 bytes) for Placement(vertex=AbstractPopulationVertex_3:13005:13259, x=0, y=1, p=15)
SDRAM reqs for core (0,1,16) is 19 KB (19816 bytes) for Placement(vertex=AbstractPopulationVertex_3:13260:13514, x=0, y=1, p=16)
SDRAM reqs for core (2,0,2) is 5 KB (5688 bytes) for Placement(vertex=AbstractPopulationVertex_3:13515:13583, x=2, y=0, p=2)
SDRAM reqs for core (0,0,15) is 19 KB (19816 bytes) for Placement(vertex=AbstractPopulationVertex_3:1530:1784, x=0, y=0, p=15)
SDRAM reqs for core (0,0,16) is 19 KB (19816 bytes) for Placement(vertex=AbstractPopulationVertex_3:1785:2039, x=0, y=0, p=16)
SDRAM reqs for core (1,0,2) is 19 KB (19816 bytes) for Placement(vertex=AbstractPopulationVertex_3:2040:2294, x=1, y=0, p=2)
SDRAM reqs for core (1,0,3) is 19 KB (19816 bytes) for Placement(vertex=AbstractPopulationVertex_3:2295:2549, x=1, y=0, p=3)
SDRAM reqs for core (1,0,4) is 19 KB (19816 bytes) for Placement(vertex=AbstractPopulationVertex_3:2550:2804, x=1, y=0, p=4)
SDRAM reqs for core (0,0,10) is 19 KB (19816 bytes) for Placement(vertex=AbstractPopulationVertex_3:255:509, x=0, y=0, p=10)
SDRAM reqs for core (1,0,5) is 19 KB (19816 bytes) for Placement(vertex=AbstractPopulationVertex_3:2805:3059, x=1, y=0, p=5)
SDRAM reqs for core (1,0,6) is 19 KB (19816 bytes) for Placement(vertex=AbstractPopulationVertex_3:3060:3314, x=1, y=0, p=6)
SDRAM reqs for core (1,0,7) is 19 KB (19816 bytes) for Placement(vertex=AbstractPopulationVertex_3:3315:3569, x=1, y=0, p=7)
SDRAM reqs for core (1,0,8) is 19 KB (19816 bytes) for Placement(vertex=AbstractPopulationVertex_3:3570:3824, x=1, y=0, p=8)
SDRAM reqs for core (1,0,9) is 19 KB (19816 bytes) for Placement(vertex=AbstractPopulationVertex_3:3825:4079, x=1, y=0, p=9)
SDRAM reqs for core (1,0,10) is 19 KB (19816 bytes) for Placement(vertex=AbstractPopulationVertex_3:4080:4334, x=1, y=0, p=10)
SDRAM reqs for core (1,0,11) is 19 KB (19816 bytes) for Placement(vertex=AbstractPopulationVertex_3:4335:4589, x=1, y=0, p=11)
SDRAM reqs for core (1,0,12) is 19 KB (19816 bytes) for Placement(vertex=AbstractPopulationVertex_3:4590:4844, x=1, y=0, p=12)
SDRAM reqs for core (1,0,13) is 19 KB (19816 bytes) for Placement(vertex=AbstractPopulationVertex_3:4845:5099, x=1, y=0, p=13)
SDRAM reqs for core (1,0,14) is 19 KB (19816 bytes) for Placement(vertex=AbstractPopulationVertex_3:5100:5354, x=1, y=0, p=14)
SDRAM reqs for core (0,0,11) is 19 KB (19816 bytes) for Placement(vertex=AbstractPopulationVertex_3:510:764, x=0, y=0, p=11)
SDRAM reqs for core (1,0,15) is 19 KB (19816 bytes) for Placement(vertex=AbstractPopulationVertex_3:5355:5609, x=1, y=0, p=15)
SDRAM reqs for core (1,0,16) is 19 KB (19816 bytes) for Placement(vertex=AbstractPopulationVertex_3:5610:5864, x=1, y=0, p=16)
SDRAM reqs for core (1,1,2) is 19 KB (19816 bytes) for Placement(vertex=AbstractPopulationVertex_3:5865:6119, x=1, y=1, p=2)
SDRAM reqs for core (1,1,3) is 19 KB (19816 bytes) for Placement(vertex=AbstractPopulationVertex_3:6120:6374, x=1, y=1, p=3)
SDRAM reqs for core (1,1,4) is 19 KB (19816 bytes) for Placement(vertex=AbstractPopulationVertex_3:6375:6629, x=1, y=1, p=4)
SDRAM reqs for core (1,1,5) is 19 KB (19816 bytes) for Placement(vertex=AbstractPopulationVertex_3:6630:6884, x=1, y=1, p=5)
SDRAM reqs for core (1,1,6) is 19 KB (19816 bytes) for Placement(vertex=AbstractPopulationVertex_3:6885:7139, x=1, y=1, p=6)
SDRAM reqs for core (1,1,7) is 19 KB (19816 bytes) for Placement(vertex=AbstractPopulationVertex_3:7140:7394, x=1, y=1, p=7)
SDRAM reqs for core (1,1,8) is 19 KB (19816 bytes) for Placement(vertex=AbstractPopulationVertex_3:7395:7649, x=1, y=1, p=8)
SDRAM reqs for core (1,1,9) is 19 KB (19816 bytes) for Placement(vertex=AbstractPopulationVertex_3:7650:7904, x=1, y=1, p=9)
SDRAM reqs for core (0,0,12) is 19 KB (19816 bytes) for Placement(vertex=AbstractPopulationVertex_3:765:1019, x=0, y=0, p=12)
SDRAM reqs for core (1,1,10) is 19 KB (19816 bytes) for Placement(vertex=AbstractPopulationVertex_3:7905:8159, x=1, y=1, p=10)
SDRAM reqs for core (1,1,11) is 19 KB (19816 bytes) for Placement(vertex=AbstractPopulationVertex_3:8160:8414, x=1, y=1, p=11)
SDRAM reqs for core (1,1,12) is 19 KB (19816 bytes) for Placement(vertex=AbstractPopulationVertex_3:8415:8669, x=1, y=1, p=12)
SDRAM reqs for core (1,1,13) is 19 KB (19816 bytes) for Placement(vertex=AbstractPopulationVertex_3:8670:8924, x=1, y=1, p=13)
SDRAM reqs for core (1,1,14) is 19 KB (19816 bytes) for Placement(vertex=AbstractPopulationVertex_3:8925:9179, x=1, y=1, p=14)
SDRAM reqs for core (1,1,15) is 19 KB (19816 bytes) for Placement(vertex=AbstractPopulationVertex_3:9180:9434, x=1, y=1, p=15)
SDRAM reqs for core (1,1,16) is 19 KB (19816 bytes) for Placement(vertex=AbstractPopulationVertex_3:9435:9689, x=1, y=1, p=16)
SDRAM reqs for core (0,1,2) is 19 KB (19816 bytes) for Placement(vertex=AbstractPopulationVertex_3:9690:9944, x=0, y=1, p=2)
SDRAM reqs for core (0,1,3) is 19 KB (19816 bytes) for Placement(vertex=AbstractPopulationVertex_3:9945:10199, x=0, y=1, p=3)
SDRAM reqs for core (2,0,3) is 2153 KB (2205220 bytes) for Placement(vertex=AbstractPopulationVertex_4:0:254, x=2, y=0, p=3)
SDRAM reqs for core (2,2,13) is 2153 KB (2205220 bytes) for Placement(vertex=AbstractPopulationVertex_4:10200:10454, x=2, y=2, p=13)
SDRAM reqs for core (2,0,7) is 2153 KB (2205220 bytes) for Placement(vertex=AbstractPopulationVertex_4:1020:1274, x=2, y=0, p=7)
SDRAM reqs for core (2,2,14) is 2153 KB (2205220 bytes) for Placement(vertex=AbstractPopulationVertex_4:10455:10709, x=2, y=2, p=14)
SDRAM reqs for core (2,2,15) is 2153 KB (2205220 bytes) for Placement(vertex=AbstractPopulationVertex_4:10710:10964, x=2, y=2, p=15)
SDRAM reqs for core (2,2,16) is 2153 KB (2205220 bytes) for Placement(vertex=AbstractPopulationVertex_4:10965:11219, x=2, y=2, p=16)
SDRAM reqs for core (1,2,2) is 2153 KB (2205220 bytes) for Placement(vertex=AbstractPopulationVertex_4:11220:11474, x=1, y=2, p=2)
SDRAM reqs for core (1,2,3) is 2153 KB (2205220 bytes) for Placement(vertex=AbstractPopulationVertex_4:11475:11729, x=1, y=2, p=3)
SDRAM reqs for core (1,2,4) is 2153 KB (2205220 bytes) for Placement(vertex=AbstractPopulationVertex_4:11730:11984, x=1, y=2, p=4)
SDRAM reqs for core (1,2,5) is 2153 KB (2205220 bytes) for Placement(vertex=AbstractPopulationVertex_4:11985:12239, x=1, y=2, p=5)
SDRAM reqs for core (1,2,6) is 2153 KB (2205220 bytes) for Placement(vertex=AbstractPopulationVertex_4:12240:12494, x=1, y=2, p=6)
SDRAM reqs for core (1,2,7) is 2153 KB (2205220 bytes) for Placement(vertex=AbstractPopulationVertex_4:12495:12749, x=1, y=2, p=7)
SDRAM reqs for core (1,2,8) is 2153 KB (2205220 bytes) for Placement(vertex=AbstractPopulationVertex_4:12750:13004, x=1, y=2, p=8)
SDRAM reqs for core (2,0,8) is 2153 KB (2205220 bytes) for Placement(vertex=AbstractPopulationVertex_4:1275:1529, x=2, y=0, p=8)
SDRAM reqs for core (1,2,9) is 2153 KB (2205220 bytes) for Placement(vertex=AbstractPopulationVertex_4:13005:13259, x=1, y=2, p=9)
SDRAM reqs for core (1,2,10) is 2153 KB (2205220 bytes) for Placement(vertex=AbstractPopulationVertex_4:13260:13514, x=1, y=2, p=10)
SDRAM reqs for core (1,2,11) is 769 KB (788388 bytes) for Placement(vertex=AbstractPopulationVertex_4:13515:13583, x=1, y=2, p=11)
SDRAM reqs for core (2,0,9) is 2153 KB (2205220 bytes) for Placement(vertex=AbstractPopulationVertex_4:1530:1784, x=2, y=0, p=9)
SDRAM reqs for core (2,0,10) is 2153 KB (2205220 bytes) for Placement(vertex=AbstractPopulationVertex_4:1785:2039, x=2, y=0, p=10)
SDRAM reqs for core (2,0,11) is 2153 KB (2205220 bytes) for Placement(vertex=AbstractPopulationVertex_4:2040:2294, x=2, y=0, p=11)
SDRAM reqs for core (2,0,12) is 2153 KB (2205220 bytes) for Placement(vertex=AbstractPopulationVertex_4:2295:2549, x=2, y=0, p=12)
SDRAM reqs for core (2,0,13) is 2153 KB (2205220 bytes) for Placement(vertex=AbstractPopulationVertex_4:2550:2804, x=2, y=0, p=13)
SDRAM reqs for core (2,0,4) is 2153 KB (2205220 bytes) for Placement(vertex=AbstractPopulationVertex_4:255:509, x=2, y=0, p=4)
SDRAM reqs for core (2,0,14) is 2153 KB (2205220 bytes) for Placement(vertex=AbstractPopulationVertex_4:2805:3059, x=2, y=0, p=14)
SDRAM reqs for core (2,0,15) is 2153 KB (2205220 bytes) for Placement(vertex=AbstractPopulationVertex_4:3060:3314, x=2, y=0, p=15)
SDRAM reqs for core (2,0,16) is 2153 KB (2205220 bytes) for Placement(vertex=AbstractPopulationVertex_4:3315:3569, x=2, y=0, p=16)
SDRAM reqs for core (2,1,2) is 2153 KB (2205220 bytes) for Placement(vertex=AbstractPopulationVertex_4:3570:3824, x=2, y=1, p=2)
SDRAM reqs for core (2,1,3) is 2153 KB (2205220 bytes) for Placement(vertex=AbstractPopulationVertex_4:3825:4079, x=2, y=1, p=3)
SDRAM reqs for core (2,1,4) is 2153 KB (2205220 bytes) for Placement(vertex=AbstractPopulationVertex_4:4080:4334, x=2, y=1, p=4)
SDRAM reqs for core (2,1,5) is 2153 KB (2205220 bytes) for Placement(vertex=AbstractPopulationVertex_4:4335:4589, x=2, y=1, p=5)
SDRAM reqs for core (2,1,6) is 2153 KB (2205220 bytes) for Placement(vertex=AbstractPopulationVertex_4:4590:4844, x=2, y=1, p=6)
SDRAM reqs for core (2,1,7) is 2153 KB (2205220 bytes) for Placement(vertex=AbstractPopulationVertex_4:4845:5099, x=2, y=1, p=7)
SDRAM reqs for core (2,1,8) is 2153 KB (2205220 bytes) for Placement(vertex=AbstractPopulationVertex_4:5100:5354, x=2, y=1, p=8)
SDRAM reqs for core (2,0,5) is 2153 KB (2205220 bytes) for Placement(vertex=AbstractPopulationVertex_4:510:764, x=2, y=0, p=5)
SDRAM reqs for core (2,1,9) is 2153 KB (2205220 bytes) for Placement(vertex=AbstractPopulationVertex_4:5355:5609, x=2, y=1, p=9)
SDRAM reqs for core (2,1,10) is 2153 KB (2205220 bytes) for Placement(vertex=AbstractPopulationVertex_4:5610:5864, x=2, y=1, p=10)
SDRAM reqs for core (2,1,11) is 2153 KB (2205220 bytes) for Placement(vertex=AbstractPopulationVertex_4:5865:6119, x=2, y=1, p=11)
SDRAM reqs for core (2,1,12) is 2153 KB (2205220 bytes) for Placement(vertex=AbstractPopulationVertex_4:6120:6374, x=2, y=1, p=12)
SDRAM reqs for core (2,1,13) is 2153 KB (2205220 bytes) for Placement(vertex=AbstractPopulationVertex_4:6375:6629, x=2, y=1, p=13)
SDRAM reqs for core (2,1,14) is 2153 KB (2205220 bytes) for Placement(vertex=AbstractPopulationVertex_4:6630:6884, x=2, y=1, p=14)
SDRAM reqs for core (2,1,15) is 2153 KB (2205220 bytes) for Placement(vertex=AbstractPopulationVertex_4:6885:7139, x=2, y=1, p=15)
SDRAM reqs for core (2,1,16) is 2153 KB (2205220 bytes) for Placement(vertex=AbstractPopulationVertex_4:7140:7394, x=2, y=1, p=16)
SDRAM reqs for core (2,2,2) is 2153 KB (2205220 bytes) for Placement(vertex=AbstractPopulationVertex_4:7395:7649, x=2, y=2, p=2)
SDRAM reqs for core (2,2,3) is 2153 KB (2205220 bytes) for Placement(vertex=AbstractPopulationVertex_4:7650:7904, x=2, y=2, p=3)
SDRAM reqs for core (2,0,6) is 2153 KB (2205220 bytes) for Placement(vertex=AbstractPopulationVertex_4:765:1019, x=2, y=0, p=6)
SDRAM reqs for core (2,2,4) is 2153 KB (2205220 bytes) for Placement(vertex=AbstractPopulationVertex_4:7905:8159, x=2, y=2, p=4)
SDRAM reqs for core (2,2,5) is 2153 KB (2205220 bytes) for Placement(vertex=AbstractPopulationVertex_4:8160:8414, x=2, y=2, p=5)
SDRAM reqs for core (2,2,6) is 2153 KB (2205220 bytes) for Placement(vertex=AbstractPopulationVertex_4:8415:8669, x=2, y=2, p=6)
SDRAM reqs for core (2,2,7) is 2153 KB (2205220 bytes) for Placement(vertex=AbstractPopulationVertex_4:8670:8924, x=2, y=2, p=7)
SDRAM reqs for core (2,2,8) is 2153 KB (2205220 bytes) for Placement(vertex=AbstractPopulationVertex_4:8925:9179, x=2, y=2, p=8)
SDRAM reqs for core (2,2,9) is 2153 KB (2205220 bytes) for Placement(vertex=AbstractPopulationVertex_4:9180:9434, x=2, y=2, p=9)
SDRAM reqs for core (2,2,10) is 2153 KB (2205220 bytes) for Placement(vertex=AbstractPopulationVertex_4:9435:9689, x=2, y=2, p=10)
SDRAM reqs for core (2,2,11) is 2153 KB (2205220 bytes) for Placement(vertex=AbstractPopulationVertex_4:9690:9944, x=2, y=2, p=11)
SDRAM reqs for core (2,2,12) is 2153 KB (2205220 bytes) for Placement(vertex=AbstractPopulationVertex_4:9945:10199, x=2, y=2, p=12)
SDRAM reqs for core (1,2,12) is 1 KB (1128 bytes) for Placement(vertex=AbstractPopulationVertex_5:0:8, x=1, y=2, p=12)
SDRAM reqs for core (1,2,13) is 7 KB (7728 bytes) for Placement(vertex=AbstractPopulationVertex_6:0:95, x=1, y=2, p=13)
SDRAM reqs for core (1,2,14) is 7 KB (7728 bytes) for Placement(vertex=AbstractPopulationVertex_7:0:95, x=1, y=2, p=14)
SDRAM reqs for core (1,2,15) is 1 KB (1040 bytes) for Placement(vertex=AbstractPopulationVertex_8:0:7, x=1, y=2, p=15)
SDRAM reqs for core (0,0,1) is 476 KB (488136 bytes) for Placement(vertex=SYSTEM:ExtraMonitor, x=0, y=0, p=1)
SDRAM reqs for core (0,1,1) is 476 KB (488136 bytes) for Placement(vertex=SYSTEM:ExtraMonitor1, x=0, y=1, p=1)
SDRAM reqs for core (2,1,1) is 476 KB (488136 bytes) for Placement(vertex=SYSTEM:ExtraMonitor10, x=2, y=1, p=1)
SDRAM reqs for core (2,2,1) is 476 KB (488136 bytes) for Placement(vertex=SYSTEM:ExtraMonitor11, x=2, y=2, p=1)
SDRAM reqs for core (2,3,1) is 476 KB (488136 bytes) for Placement(vertex=SYSTEM:ExtraMonitor12, x=2, y=3, p=1)
SDRAM reqs for core (2,4,1) is 476 KB (488136 bytes) for Placement(vertex=SYSTEM:ExtraMonitor13, x=2, y=4, p=1)
SDRAM reqs for core (2,5,1) is 476 KB (488136 bytes) for Placement(vertex=SYSTEM:ExtraMonitor14, x=2, y=5, p=1)
SDRAM reqs for core (3,0,1) is 476 KB (488136 bytes) for Placement(vertex=SYSTEM:ExtraMonitor15, x=3, y=0, p=1)
SDRAM reqs for core (3,1,1) is 476 KB (488136 bytes) for Placement(vertex=SYSTEM:ExtraMonitor16, x=3, y=1, p=1)
SDRAM reqs for core (3,2,1) is 476 KB (488136 bytes) for Placement(vertex=SYSTEM:ExtraMonitor17, x=3, y=2, p=1)
SDRAM reqs for core (3,3,1) is 476 KB (488136 bytes) for Placement(vertex=SYSTEM:ExtraMonitor18, x=3, y=3, p=1)
SDRAM reqs for core (3,4,1) is 476 KB (488136 bytes) for Placement(vertex=SYSTEM:ExtraMonitor19, x=3, y=4, p=1)
SDRAM reqs for core (0,2,1) is 476 KB (488136 bytes) for Placement(vertex=SYSTEM:ExtraMonitor2, x=0, y=2, p=1)
SDRAM reqs for core (3,5,1) is 476 KB (488136 bytes) for Placement(vertex=SYSTEM:ExtraMonitor20, x=3, y=5, p=1)
SDRAM reqs for core (3,6,1) is 476 KB (488136 bytes) for Placement(vertex=SYSTEM:ExtraMonitor21, x=3, y=6, p=1)
SDRAM reqs for core (4,0,1) is 476 KB (488136 bytes) for Placement(vertex=SYSTEM:ExtraMonitor22, x=4, y=0, p=1)
SDRAM reqs for core (4,1,1) is 476 KB (488136 bytes) for Placement(vertex=SYSTEM:ExtraMonitor23, x=4, y=1, p=1)
SDRAM reqs for core (4,2,1) is 476 KB (488136 bytes) for Placement(vertex=SYSTEM:ExtraMonitor24, x=4, y=2, p=1)
SDRAM reqs for core (4,3,1) is 476 KB (488136 bytes) for Placement(vertex=SYSTEM:ExtraMonitor25, x=4, y=3, p=1)
SDRAM reqs for core (4,4,1) is 476 KB (488136 bytes) for Placement(vertex=SYSTEM:ExtraMonitor26, x=4, y=4, p=1)
SDRAM reqs for core (4,5,1) is 476 KB (488136 bytes) for Placement(vertex=SYSTEM:ExtraMonitor27, x=4, y=5, p=1)
SDRAM reqs for core (4,6,1) is 476 KB (488136 bytes) for Placement(vertex=SYSTEM:ExtraMonitor28, x=4, y=6, p=1)
SDRAM reqs for core (4,7,1) is 476 KB (488136 bytes) for Placement(vertex=SYSTEM:ExtraMonitor29, x=4, y=7, p=1)
SDRAM reqs for core (0,3,1) is 476 KB (488136 bytes) for Placement(vertex=SYSTEM:ExtraMonitor3, x=0, y=3, p=1)
SDRAM reqs for core (5,1,1) is 476 KB (488136 bytes) for Placement(vertex=SYSTEM:ExtraMonitor30, x=5, y=1, p=1)
SDRAM reqs for core (5,2,1) is 476 KB (488136 bytes) for Placement(vertex=SYSTEM:ExtraMonitor31, x=5, y=2, p=1)
SDRAM reqs for core (5,3,1) is 476 KB (488136 bytes) for Placement(vertex=SYSTEM:ExtraMonitor32, x=5, y=3, p=1)
SDRAM reqs for core (5,4,1) is 476 KB (488136 bytes) for Placement(vertex=SYSTEM:ExtraMonitor33, x=5, y=4, p=1)
SDRAM reqs for core (5,5,1) is 476 KB (488136 bytes) for Placement(vertex=SYSTEM:ExtraMonitor34, x=5, y=5, p=1)
SDRAM reqs for core (5,6,1) is 476 KB (488136 bytes) for Placement(vertex=SYSTEM:ExtraMonitor35, x=5, y=6, p=1)
SDRAM reqs for core (5,7,1) is 476 KB (488136 bytes) for Placement(vertex=SYSTEM:ExtraMonitor36, x=5, y=7, p=1)
SDRAM reqs for core (6,2,1) is 476 KB (488136 bytes) for Placement(vertex=SYSTEM:ExtraMonitor37, x=6, y=2, p=1)
SDRAM reqs for core (6,3,1) is 476 KB (488136 bytes) for Placement(vertex=SYSTEM:ExtraMonitor38, x=6, y=3, p=1)
SDRAM reqs for core (6,4,1) is 476 KB (488136 bytes) for Placement(vertex=SYSTEM:ExtraMonitor39, x=6, y=4, p=1)
SDRAM reqs for core (1,0,1) is 476 KB (488136 bytes) for Placement(vertex=SYSTEM:ExtraMonitor4, x=1, y=0, p=1)
SDRAM reqs for core (6,5,1) is 476 KB (488136 bytes) for Placement(vertex=SYSTEM:ExtraMonitor40, x=6, y=5, p=1)
SDRAM reqs for core (6,6,1) is 476 KB (488136 bytes) for Placement(vertex=SYSTEM:ExtraMonitor41, x=6, y=6, p=1)
SDRAM reqs for core (6,7,1) is 476 KB (488136 bytes) for Placement(vertex=SYSTEM:ExtraMonitor42, x=6, y=7, p=1)
SDRAM reqs for core (7,3,1) is 476 KB (488136 bytes) for Placement(vertex=SYSTEM:ExtraMonitor43, x=7, y=3, p=1)
SDRAM reqs for core (7,4,1) is 476 KB (488136 bytes) for Placement(vertex=SYSTEM:ExtraMonitor44, x=7, y=4, p=1)
SDRAM reqs for core (7,5,1) is 476 KB (488136 bytes) for Placement(vertex=SYSTEM:ExtraMonitor45, x=7, y=5, p=1)
SDRAM reqs for core (7,6,1) is 476 KB (488136 bytes) for Placement(vertex=SYSTEM:ExtraMonitor46, x=7, y=6, p=1)
SDRAM reqs for core (7,7,1) is 476 KB (488136 bytes) for Placement(vertex=SYSTEM:ExtraMonitor47, x=7, y=7, p=1)
SDRAM reqs for core (1,1,1) is 476 KB (488136 bytes) for Placement(vertex=SYSTEM:ExtraMonitor5, x=1, y=1, p=1)
SDRAM reqs for core (1,2,1) is 476 KB (488136 bytes) for Placement(vertex=SYSTEM:ExtraMonitor6, x=1, y=2, p=1)
SDRAM reqs for core (1,3,1) is 476 KB (488136 bytes) for Placement(vertex=SYSTEM:ExtraMonitor7, x=1, y=3, p=1)
SDRAM reqs for core (1,4,1) is 476 KB (488136 bytes) for Placement(vertex=SYSTEM:ExtraMonitor8, x=1, y=4, p=1)
SDRAM reqs for core (2,0,1) is 476 KB (488136 bytes) for Placement(vertex=SYSTEM:ExtraMonitor9, x=2, y=0, p=1)
SDRAM reqs for core (0,0,2) is 459 KB (470200 bytes) for Placement(vertex=SYSTEM:PacketGatherer(0,0), x=0, y=0, p=2)
SDRAM reqs for core (1,2,16) is 99876 KB (102273370 bytes) for Placement(vertex=SpikeSourceArrayVertex_9:0:13583, x=1, y=2, p=16)
**** Chip: (0, 0) has total memory usage of 1178 KB (1206504 bytes) out of a max of 120575 KB (123469792 bytes)

**** Chip: (0, 1) has total memory usage of 766 KB (785376 bytes) out of a max of 120575 KB (123469792 bytes)

**** Chip: (0, 2) has total memory usage of 476 KB (488136 bytes) out of a max of 120575 KB (123469792 bytes)

**** Chip: (0, 3) has total memory usage of 476 KB (488136 bytes) out of a max of 120575 KB (123469792 bytes)

**** Chip: (1, 0) has total memory usage of 766 KB (785376 bytes) out of a max of 120575 KB (123469792 bytes)

**** Chip: (1, 1) has total memory usage of 766 KB (785376 bytes) out of a max of 120575 KB (123469792 bytes)

**** Chip: (1, 2) has total memory usage of 120521 KB (123414498 bytes) out of a max of 120575 KB (123469792 bytes)

**** Chip: (1, 3) has total memory usage of 476 KB (488136 bytes) out of a max of 120575 KB (123469792 bytes)

**** Chip: (1, 4) has total memory usage of 476 KB (488136 bytes) out of a max of 120575 KB (123469792 bytes)

**** Chip: (2, 0) has total memory usage of 30631 KB (31366904 bytes) out of a max of 120575 KB (123469792 bytes)

**** Chip: (2, 1) has total memory usage of 32779 KB (33566436 bytes) out of a max of 120575 KB (123469792 bytes)

**** Chip: (2, 2) has total memory usage of 32779 KB (33566436 bytes) out of a max of 120575 KB (123469792 bytes)

**** Chip: (2, 3) has total memory usage of 476 KB (488136 bytes) out of a max of 120575 KB (123469792 bytes)

**** Chip: (2, 4) has total memory usage of 476 KB (488136 bytes) out of a max of 120575 KB (123469792 bytes)

**** Chip: (2, 5) has total memory usage of 476 KB (488136 bytes) out of a max of 120575 KB (123469792 bytes)

**** Chip: (3, 0) has total memory usage of 476 KB (488136 bytes) out of a max of 120575 KB (123469792 bytes)

**** Chip: (3, 1) has total memory usage of 476 KB (488136 bytes) out of a max of 120575 KB (123469792 bytes)

**** Chip: (3, 2) has total memory usage of 476 KB (488136 bytes) out of a max of 120575 KB (123469792 bytes)

**** Chip: (3, 3) has total memory usage of 476 KB (488136 bytes) out of a max of 120575 KB (123469792 bytes)

**** Chip: (3, 4) has total memory usage of 476 KB (488136 bytes) out of a max of 120575 KB (123469792 bytes)

**** Chip: (3, 5) has total memory usage of 476 KB (488136 bytes) out of a max of 120575 KB (123469792 bytes)

**** Chip: (3, 6) has total memory usage of 476 KB (488136 bytes) out of a max of 120575 KB (123469792 bytes)

**** Chip: (4, 0) has total memory usage of 476 KB (488136 bytes) out of a max of 120575 KB (123469792 bytes)

**** Chip: (4, 1) has total memory usage of 476 KB (488136 bytes) out of a max of 120575 KB (123469792 bytes)

**** Chip: (4, 2) has total memory usage of 476 KB (488136 bytes) out of a max of 120575 KB (123469792 bytes)

**** Chip: (4, 3) has total memory usage of 476 KB (488136 bytes) out of a max of 120575 KB (123469792 bytes)

**** Chip: (4, 4) has total memory usage of 476 KB (488136 bytes) out of a max of 120575 KB (123469792 bytes)

**** Chip: (4, 5) has total memory usage of 476 KB (488136 bytes) out of a max of 120575 KB (123469792 bytes)

**** Chip: (4, 6) has total memory usage of 476 KB (488136 bytes) out of a max of 120575 KB (123469792 bytes)

**** Chip: (4, 7) has total memory usage of 476 KB (488136 bytes) out of a max of 120575 KB (123469792 bytes)

**** Chip: (5, 1) has total memory usage of 476 KB (488136 bytes) out of a max of 120575 KB (123469792 bytes)

**** Chip: (5, 2) has total memory usage of 476 KB (488136 bytes) out of a max of 120575 KB (123469792 bytes)

**** Chip: (5, 3) has total memory usage of 476 KB (488136 bytes) out of a max of 120575 KB (123469792 bytes)

**** Chip: (5, 4) has total memory usage of 476 KB (488136 bytes) out of a max of 120575 KB (123469792 bytes)

**** Chip: (5, 5) has total memory usage of 476 KB (488136 bytes) out of a max of 120575 KB (123469792 bytes)

**** Chip: (5, 6) has total memory usage of 476 KB (488136 bytes) out of a max of 120575 KB (123469792 bytes)

**** Chip: (5, 7) has total memory usage of 476 KB (488136 bytes) out of a max of 120575 KB (123469792 bytes)

**** Chip: (6, 2) has total memory usage of 476 KB (488136 bytes) out of a max of 120575 KB (123469792 bytes)

**** Chip: (6, 3) has total memory usage of 476 KB (488136 bytes) out of a max of 120575 KB (123469792 bytes)

**** Chip: (6, 4) has total memory usage of 476 KB (488136 bytes) out of a max of 120575 KB (123469792 bytes)

**** Chip: (6, 5) has total memory usage of 476 KB (488136 bytes) out of a max of 120575 KB (123469792 bytes)

**** Chip: (6, 6) has total memory usage of 476 KB (488136 bytes) out of a max of 120575 KB (123469792 bytes)

**** Chip: (6, 7) has total memory usage of 476 KB (488136 bytes) out of a max of 120575 KB (123469792 bytes)

**** Chip: (7, 3) has total memory usage of 476 KB (488136 bytes) out of a max of 120575 KB (123469792 bytes)

**** Chip: (7, 4) has total memory usage of 476 KB (488136 bytes) out of a max of 120575 KB (123469792 bytes)

**** Chip: (7, 5) has total memory usage of 476 KB (488136 bytes) out of a max of 120575 KB (123469792 bytes)

**** Chip: (7, 6) has total memory usage of 476 KB (488136 bytes) out of a max of 120575 KB (123469792 bytes)

**** Chip: (7, 7) has total memory usage of 476 KB (488136 bytes) out of a max of 120575 KB (123469792 bytes)

