Router contains 50 entries
Index Key        Mask       Route      Default [Cores][Links]
----- ---------- ---------- ---------- ------- --------------
    0 0x00000000 0xFFFFFF00 0x00000200 False   [3] []
    1 0x00000100 0xFFFFFF00 0x00000200 False   [3] []
    2 0x00000200 0xFFFFFF00 0x00000200 False   [3] []
    3 0x00000300 0xFFFFFF00 0x00000200 False   [3] []
    4 0x00000400 0xFFFFFF00 0x00000200 False   [3] []
    5 0x00000500 0xFFFFFF00 0x00000200 False   [3] []
    6 0x00000600 0xFFFFFF00 0x00000200 False   [3] []
    7 0x00000700 0xFFFFFF00 0x00000200 False   [3] []
    8 0x00000800 0xFFFFFF00 0x00000200 False   [3] []
    9 0x00000900 0xFFFFFF00 0x00000200 False   [3] []
   10 0x00000A00 0xFFFFFF00 0x00000200 False   [3] []
   11 0x00000B00 0xFFFFFF00 0x00000200 False   [3] []
   12 0x00000C00 0xFFFFFF00 0x00000200 False   [3] []
   13 0x00000D00 0xFFFFFF00 0x00000200 False   [3] []
   14 0x00000E00 0xFFFFFF00 0x00000200 False   [3] []
   15 0x00000F00 0xFFFFFF00 0x00000200 False   [3] []
   16 0x00001000 0xFFFFFF00 0x00000200 False   [3] []
   17 0x00001100 0xFFFFFF00 0x00000200 False   [3] []
   18 0x00001200 0xFFFFFF00 0x00000200 False   [3] []
   19 0x00001300 0xFFFFFF00 0x00000200 False   [3] []
   20 0x00001400 0xFFFFFF00 0x00000200 False   [3] []
   21 0x00001500 0xFFFFFF00 0x00000200 False   [3] []
   22 0x00001600 0xFFFFFF00 0x00000200 False   [3] []
   23 0x00001700 0xFFFFFF00 0x00000200 False   [3] []
   24 0x00001800 0xFFFFFF00 0x00000200 False   [3] []
   25 0x00001900 0xFFFFFF00 0x00000200 False   [3] []
   26 0x00001A00 0xFFFFFF00 0x00000200 False   [3] []
   27 0x00001B00 0xFFFFFF00 0x00000200 False   [3] []
   28 0x00001C00 0xFFFFFF00 0x00000200 False   [3] []
   29 0x00001D00 0xFFFFFF00 0x00000200 False   [3] []
   30 0x00001E00 0xFFFFFF00 0x00000200 False   [3] []
   31 0x00001F00 0xFFFFFF00 0x00000200 False   [3] []
   32 0x00002000 0xFFFFFF00 0x00000200 False   [3] []
   33 0x00002100 0xFFFFFF00 0x00000200 False   [3] []
   34 0x00002200 0xFFFFFF00 0x00000200 False   [3] []
   35 0x00002300 0xFFFFFF00 0x00000200 False   [3] []
   36 0x00002400 0xFFFFFF00 0x00000200 False   [3] []
   37 0x00002500 0xFFFFFF00 0x00000200 False   [3] []
   38 0x00002600 0xFFFFFF00 0x00000200 False   [3] []
   39 0x00002700 0xFFFFFF00 0x00000200 False   [3] []
   40 0x00002800 0xFFFFFF00 0x00000200 False   [3] []
   41 0x00002900 0xFFFFFF00 0x00000200 False   [3] []
   42 0x00002A00 0xFFFFFF00 0x00000200 False   [3] []
   43 0x00002B00 0xFFFFFF00 0x00000200 False   [3] []
   44 0x00002C00 0xFFFFFF00 0x00000200 False   [3] []
   45 0x00002D00 0xFFFFFF00 0x00000200 False   [3] []
   46 0x00002E00 0xFFFFFF00 0x00000200 False   [3] []
   47 0x00002F00 0xFFFFFF00 0x00000200 False   [3] []
   48 0x00003000 0xFFFFFF00 0x00000200 False   [3] []
   49 0x00003100 0xFFFFFF80 0x00000200 False   [3] []
0 Defaultable entries
