Vertex: AbstractPopulationVertex_1:0:33
Vertex: AbstractPopulationVertex_2:0:254
Vertex: AbstractPopulationVertex_2:255:509
Vertex: AbstractPopulationVertex_2:510:764
Vertex: AbstractPopulationVertex_2:765:1019
Vertex: AbstractPopulationVertex_2:1020:1110
Vertex: AbstractPopulationVertex_3:0:254
Vertex: AbstractPopulationVertex_3:255:509
Vertex: AbstractPopulationVertex_3:510:764
Vertex: AbstractPopulationVertex_3:765:1019
Vertex: AbstractPopulationVertex_3:1020:1274
Vertex: AbstractPopulationVertex_3:1275:1529
Vertex: AbstractPopulationVertex_3:1530:1784
Vertex: AbstractPopulationVertex_3:1785:2039
Vertex: AbstractPopulationVertex_3:2040:2294
Vertex: AbstractPopulationVertex_3:2295:2549
Vertex: AbstractPopulationVertex_3:2550:2804
Vertex: AbstractPopulationVertex_3:2805:3059
Vertex: AbstractPopulationVertex_3:3060:3314
Vertex: AbstractPopulationVertex_3:3315:3569
Vertex: AbstractPopulationVertex_3:3570:3824
Vertex: AbstractPopulationVertex_3:3825:4079
Vertex: AbstractPopulationVertex_3:4080:4334
Vertex: AbstractPopulationVertex_3:4335:4589
Vertex: AbstractPopulationVertex_3:4590:4844
Vertex: AbstractPopulationVertex_3:4845:5099
Vertex: AbstractPopulationVertex_3:5100:5354
Vertex: AbstractPopulationVertex_3:5355:5609
Vertex: AbstractPopulationVertex_3:5610:5864
Vertex: AbstractPopulationVertex_3:5865:6119
Vertex: AbstractPopulationVertex_3:6120:6374
Vertex: AbstractPopulationVertex_3:6375:6629
Vertex: AbstractPopulationVertex_3:6630:6884
Vertex: AbstractPopulationVertex_3:6885:7139
Vertex: AbstractPopulationVertex_3:7140:7394
Vertex: AbstractPopulationVertex_3:7395:7649
Vertex: AbstractPopulationVertex_3:7650:7904
Vertex: AbstractPopulationVertex_3:7905:8159
Vertex: AbstractPopulationVertex_3:8160:8414
Vertex: AbstractPopulationVertex_3:8415:8669
Vertex: AbstractPopulationVertex_3:8670:8924
Vertex: AbstractPopulationVertex_3:8925:9179
Vertex: AbstractPopulationVertex_3:9180:9434
Vertex: AbstractPopulationVertex_3:9435:9689
Vertex: AbstractPopulationVertex_3:9690:9944
Vertex: AbstractPopulationVertex_3:9945:10199
Vertex: AbstractPopulationVertex_3:10200:10454
Vertex: AbstractPopulationVertex_3:10455:10709
Vertex: AbstractPopulationVertex_3:10710:10964
Vertex: AbstractPopulationVertex_3:10965:11219
Vertex: AbstractPopulationVertex_3:11220:11474
Vertex: AbstractPopulationVertex_3:11475:11729
Vertex: AbstractPopulationVertex_3:11730:11984
Vertex: AbstractPopulationVertex_3:11985:12239
Vertex: AbstractPopulationVertex_3:12240:12494
Vertex: AbstractPopulationVertex_3:12495:12749
Vertex: AbstractPopulationVertex_3:12750:13004
Vertex: AbstractPopulationVertex_3:13005:13259
Vertex: AbstractPopulationVertex_3:13260:13514
Vertex: AbstractPopulationVertex_3:13515:13583
Vertex: AbstractPopulationVertex_4:0:254
Vertex: AbstractPopulationVertex_4:255:509
Vertex: AbstractPopulationVertex_4:510:764
Vertex: AbstractPopulationVertex_4:765:1019
Vertex: AbstractPopulationVertex_4:1020:1274
Vertex: AbstractPopulationVertex_4:1275:1529
Vertex: AbstractPopulationVertex_4:1530:1784
Vertex: AbstractPopulationVertex_4:1785:2039
Vertex: AbstractPopulationVertex_4:2040:2294
Vertex: AbstractPopulationVertex_4:2295:2549
Vertex: AbstractPopulationVertex_4:2550:2804
Vertex: AbstractPopulationVertex_4:2805:3059
Vertex: AbstractPopulationVertex_4:3060:3314
Vertex: AbstractPopulationVertex_4:3315:3569
Vertex: AbstractPopulationVertex_4:3570:3824
Vertex: AbstractPopulationVertex_4:3825:4079
Vertex: AbstractPopulationVertex_4:4080:4334
Vertex: AbstractPopulationVertex_4:4335:4589
Vertex: AbstractPopulationVertex_4:4590:4844
Vertex: AbstractPopulationVertex_4:4845:5099
Vertex: AbstractPopulationVertex_4:5100:5354
Vertex: AbstractPopulationVertex_4:5355:5609
Vertex: AbstractPopulationVertex_4:5610:5864
Vertex: AbstractPopulationVertex_4:5865:6119
Vertex: AbstractPopulationVertex_4:6120:6374
Vertex: AbstractPopulationVertex_4:6375:6629
Vertex: AbstractPopulationVertex_4:6630:6884
Vertex: AbstractPopulationVertex_4:6885:7139
Vertex: AbstractPopulationVertex_4:7140:7394
Vertex: AbstractPopulationVertex_4:7395:7649
Vertex: AbstractPopulationVertex_4:7650:7904
Vertex: AbstractPopulationVertex_4:7905:8159
Vertex: AbstractPopulationVertex_4:8160:8414
Vertex: AbstractPopulationVertex_4:8415:8669
Vertex: AbstractPopulationVertex_4:8670:8924
Vertex: AbstractPopulationVertex_4:8925:9179
Vertex: AbstractPopulationVertex_4:9180:9434
Vertex: AbstractPopulationVertex_4:9435:9689
Vertex: AbstractPopulationVertex_4:9690:9944
Vertex: AbstractPopulationVertex_4:9945:10199
Vertex: AbstractPopulationVertex_4:10200:10454
Vertex: AbstractPopulationVertex_4:10455:10709
Vertex: AbstractPopulationVertex_4:10710:10964
Vertex: AbstractPopulationVertex_4:10965:11219
Vertex: AbstractPopulationVertex_4:11220:11474
Vertex: AbstractPopulationVertex_4:11475:11729
Vertex: AbstractPopulationVertex_4:11730:11984
Vertex: AbstractPopulationVertex_4:11985:12239
Vertex: AbstractPopulationVertex_4:12240:12494
Vertex: AbstractPopulationVertex_4:12495:12749
Vertex: AbstractPopulationVertex_4:12750:13004
Vertex: AbstractPopulationVertex_4:13005:13259
Vertex: AbstractPopulationVertex_4:13260:13514
Vertex: AbstractPopulationVertex_4:13515:13583
Vertex: AbstractPopulationVertex_5:0:8
Vertex: AbstractPopulationVertex_6:0:95
Vertex: AbstractPopulationVertex_7:0:95
Vertex: AbstractPopulationVertex_8:0:7
Vertex: SpikeSourceArrayVertex_9:0:13583
    Partition: SPIKE, Routing Info: [KeyAndMask:0x0:0xffffc000]
Vertex: SYSTEM:ExtraMonitor
Vertex: SYSTEM:ExtraMonitor1
Vertex: SYSTEM:ExtraMonitor2
Vertex: SYSTEM:ExtraMonitor3
Vertex: SYSTEM:ExtraMonitor4
Vertex: SYSTEM:ExtraMonitor5
Vertex: SYSTEM:ExtraMonitor6
Vertex: SYSTEM:ExtraMonitor7
Vertex: SYSTEM:ExtraMonitor8
Vertex: SYSTEM:ExtraMonitor9
Vertex: SYSTEM:ExtraMonitor10
Vertex: SYSTEM:ExtraMonitor11
Vertex: SYSTEM:ExtraMonitor12
Vertex: SYSTEM:ExtraMonitor13
Vertex: SYSTEM:ExtraMonitor14
Vertex: SYSTEM:ExtraMonitor15
Vertex: SYSTEM:ExtraMonitor16
Vertex: SYSTEM:ExtraMonitor17
Vertex: SYSTEM:ExtraMonitor18
Vertex: SYSTEM:ExtraMonitor19
Vertex: SYSTEM:ExtraMonitor20
Vertex: SYSTEM:ExtraMonitor21
Vertex: SYSTEM:ExtraMonitor22
Vertex: SYSTEM:ExtraMonitor23
Vertex: SYSTEM:ExtraMonitor24
Vertex: SYSTEM:ExtraMonitor25
Vertex: SYSTEM:ExtraMonitor26
Vertex: SYSTEM:ExtraMonitor27
Vertex: SYSTEM:ExtraMonitor28
Vertex: SYSTEM:ExtraMonitor29
Vertex: SYSTEM:ExtraMonitor30
Vertex: SYSTEM:ExtraMonitor31
Vertex: SYSTEM:ExtraMonitor32
Vertex: SYSTEM:ExtraMonitor33
Vertex: SYSTEM:ExtraMonitor34
Vertex: SYSTEM:ExtraMonitor35
Vertex: SYSTEM:ExtraMonitor36
Vertex: SYSTEM:ExtraMonitor37
Vertex: SYSTEM:ExtraMonitor38
Vertex: SYSTEM:ExtraMonitor39
Vertex: SYSTEM:ExtraMonitor40
Vertex: SYSTEM:ExtraMonitor41
Vertex: SYSTEM:ExtraMonitor42
Vertex: SYSTEM:ExtraMonitor43
Vertex: SYSTEM:ExtraMonitor44
Vertex: SYSTEM:ExtraMonitor45
Vertex: SYSTEM:ExtraMonitor46
Vertex: SYSTEM:ExtraMonitor47
Vertex: SYSTEM:PacketGatherer(0,0)
