        Placement Information by Core
        =============================

Generated: Fri Sep 13 12:54:50 2019 for target machine '10.11.194.65'

**** Chip: (0, 0)
Application cores: 17
  Processor 1: Vertex: 'ExtraMonitorSupport', pop size: 1
              Slice on this core: 0:0 (1 atoms)
              Model: ExtraMonitorSupport

  Processor 2: Vertex: 'multicast speed up application vertex for 0, 0', pop size: 1
              Slice on this core: 0:0 (1 atoms)
              Model: DataSpeedUpPacketGather

  Processor 3: Vertex: 'AbstractPopulationVertex_1', pop size: 34
              Slice on this core: 0:33 (34 atoms)
              Model: AbstractPopulationVertex

  Processor 4: Vertex: 'AbstractPopulationVertex_2', pop size: 1111
              Slice on this core: 0:254 (255 atoms)
              Model: AbstractPopulationVertex

  Processor 5: Vertex: 'AbstractPopulationVertex_2', pop size: 1111
              Slice on this core: 255:509 (255 atoms)
              Model: AbstractPopulationVertex

  Processor 6: Vertex: 'AbstractPopulationVertex_2', pop size: 1111
              Slice on this core: 510:764 (255 atoms)
              Model: AbstractPopulationVertex

  Processor 7: Vertex: 'AbstractPopulationVertex_2', pop size: 1111
              Slice on this core: 765:1019 (255 atoms)
              Model: AbstractPopulationVertex

  Processor 8: Vertex: 'AbstractPopulationVertex_2', pop size: 1111
              Slice on this core: 1020:1110 (91 atoms)
              Model: AbstractPopulationVertex

  Processor 9: Vertex: 'AbstractPopulationVertex_3', pop size: 13584
              Slice on this core: 0:254 (255 atoms)
              Model: AbstractPopulationVertex

  Processor 10: Vertex: 'AbstractPopulationVertex_3', pop size: 13584
              Slice on this core: 255:509 (255 atoms)
              Model: AbstractPopulationVertex

  Processor 11: Vertex: 'AbstractPopulationVertex_3', pop size: 13584
              Slice on this core: 510:764 (255 atoms)
              Model: AbstractPopulationVertex

  Processor 12: Vertex: 'AbstractPopulationVertex_3', pop size: 13584
              Slice on this core: 765:1019 (255 atoms)
              Model: AbstractPopulationVertex

  Processor 13: Vertex: 'AbstractPopulationVertex_3', pop size: 13584
              Slice on this core: 1020:1274 (255 atoms)
              Model: AbstractPopulationVertex

  Processor 14: Vertex: 'AbstractPopulationVertex_3', pop size: 13584
              Slice on this core: 1275:1529 (255 atoms)
              Model: AbstractPopulationVertex

  Processor 15: Vertex: 'AbstractPopulationVertex_3', pop size: 13584
              Slice on this core: 1530:1784 (255 atoms)
              Model: AbstractPopulationVertex

  Processor 16: Vertex: 'AbstractPopulationVertex_3', pop size: 13584
              Slice on this core: 1785:2039 (255 atoms)
              Model: AbstractPopulationVertex

**** Chip: (0, 1)
Application cores: 17
  Processor 1: Vertex: 'ExtraMonitorSupport1', pop size: 1
              Slice on this core: 0:0 (1 atoms)
              Model: ExtraMonitorSupport

  Processor 2: Vertex: 'AbstractPopulationVertex_3', pop size: 13584
              Slice on this core: 9690:9944 (255 atoms)
              Model: AbstractPopulationVertex

  Processor 3: Vertex: 'AbstractPopulationVertex_3', pop size: 13584
              Slice on this core: 9945:10199 (255 atoms)
              Model: AbstractPopulationVertex

  Processor 4: Vertex: 'AbstractPopulationVertex_3', pop size: 13584
              Slice on this core: 10200:10454 (255 atoms)
              Model: AbstractPopulationVertex

  Processor 5: Vertex: 'AbstractPopulationVertex_3', pop size: 13584
              Slice on this core: 10455:10709 (255 atoms)
              Model: AbstractPopulationVertex

  Processor 6: Vertex: 'AbstractPopulationVertex_3', pop size: 13584
              Slice on this core: 10710:10964 (255 atoms)
              Model: AbstractPopulationVertex

  Processor 7: Vertex: 'AbstractPopulationVertex_3', pop size: 13584
              Slice on this core: 10965:11219 (255 atoms)
              Model: AbstractPopulationVertex

  Processor 8: Vertex: 'AbstractPopulationVertex_3', pop size: 13584
              Slice on this core: 11220:11474 (255 atoms)
              Model: AbstractPopulationVertex

  Processor 9: Vertex: 'AbstractPopulationVertex_3', pop size: 13584
              Slice on this core: 11475:11729 (255 atoms)
              Model: AbstractPopulationVertex

  Processor 10: Vertex: 'AbstractPopulationVertex_3', pop size: 13584
              Slice on this core: 11730:11984 (255 atoms)
              Model: AbstractPopulationVertex

  Processor 11: Vertex: 'AbstractPopulationVertex_3', pop size: 13584
              Slice on this core: 11985:12239 (255 atoms)
              Model: AbstractPopulationVertex

  Processor 12: Vertex: 'AbstractPopulationVertex_3', pop size: 13584
              Slice on this core: 12240:12494 (255 atoms)
              Model: AbstractPopulationVertex

  Processor 13: Vertex: 'AbstractPopulationVertex_3', pop size: 13584
              Slice on this core: 12495:12749 (255 atoms)
              Model: AbstractPopulationVertex

  Processor 14: Vertex: 'AbstractPopulationVertex_3', pop size: 13584
              Slice on this core: 12750:13004 (255 atoms)
              Model: AbstractPopulationVertex

  Processor 15: Vertex: 'AbstractPopulationVertex_3', pop size: 13584
              Slice on this core: 13005:13259 (255 atoms)
              Model: AbstractPopulationVertex

  Processor 16: Vertex: 'AbstractPopulationVertex_3', pop size: 13584
              Slice on this core: 13260:13514 (255 atoms)
              Model: AbstractPopulationVertex

**** Chip: (0, 2)
Application cores: 17
  Processor 1: Vertex: 'ExtraMonitorSupport2', pop size: 1
              Slice on this core: 0:0 (1 atoms)
              Model: ExtraMonitorSupport

**** Chip: (0, 3)
Application cores: 17
  Processor 1: Vertex: 'ExtraMonitorSupport3', pop size: 1
              Slice on this core: 0:0 (1 atoms)
              Model: ExtraMonitorSupport

**** Chip: (1, 0)
Application cores: 17
  Processor 1: Vertex: 'ExtraMonitorSupport4', pop size: 1
              Slice on this core: 0:0 (1 atoms)
              Model: ExtraMonitorSupport

  Processor 2: Vertex: 'AbstractPopulationVertex_3', pop size: 13584
              Slice on this core: 2040:2294 (255 atoms)
              Model: AbstractPopulationVertex

  Processor 3: Vertex: 'AbstractPopulationVertex_3', pop size: 13584
              Slice on this core: 2295:2549 (255 atoms)
              Model: AbstractPopulationVertex

  Processor 4: Vertex: 'AbstractPopulationVertex_3', pop size: 13584
              Slice on this core: 2550:2804 (255 atoms)
              Model: AbstractPopulationVertex

  Processor 5: Vertex: 'AbstractPopulationVertex_3', pop size: 13584
              Slice on this core: 2805:3059 (255 atoms)
              Model: AbstractPopulationVertex

  Processor 6: Vertex: 'AbstractPopulationVertex_3', pop size: 13584
              Slice on this core: 3060:3314 (255 atoms)
              Model: AbstractPopulationVertex

  Processor 7: Vertex: 'AbstractPopulationVertex_3', pop size: 13584
              Slice on this core: 3315:3569 (255 atoms)
              Model: AbstractPopulationVertex

  Processor 8: Vertex: 'AbstractPopulationVertex_3', pop size: 13584
              Slice on this core: 3570:3824 (255 atoms)
              Model: AbstractPopulationVertex

  Processor 9: Vertex: 'AbstractPopulationVertex_3', pop size: 13584
              Slice on this core: 3825:4079 (255 atoms)
              Model: AbstractPopulationVertex

  Processor 10: Vertex: 'AbstractPopulationVertex_3', pop size: 13584
              Slice on this core: 4080:4334 (255 atoms)
              Model: AbstractPopulationVertex

  Processor 11: Vertex: 'AbstractPopulationVertex_3', pop size: 13584
              Slice on this core: 4335:4589 (255 atoms)
              Model: AbstractPopulationVertex

  Processor 12: Vertex: 'AbstractPopulationVertex_3', pop size: 13584
              Slice on this core: 4590:4844 (255 atoms)
              Model: AbstractPopulationVertex

  Processor 13: Vertex: 'AbstractPopulationVertex_3', pop size: 13584
              Slice on this core: 4845:5099 (255 atoms)
              Model: AbstractPopulationVertex

  Processor 14: Vertex: 'AbstractPopulationVertex_3', pop size: 13584
              Slice on this core: 5100:5354 (255 atoms)
              Model: AbstractPopulationVertex

  Processor 15: Vertex: 'AbstractPopulationVertex_3', pop size: 13584
              Slice on this core: 5355:5609 (255 atoms)
              Model: AbstractPopulationVertex

  Processor 16: Vertex: 'AbstractPopulationVertex_3', pop size: 13584
              Slice on this core: 5610:5864 (255 atoms)
              Model: AbstractPopulationVertex

**** Chip: (1, 1)
Application cores: 17
  Processor 1: Vertex: 'ExtraMonitorSupport5', pop size: 1
              Slice on this core: 0:0 (1 atoms)
              Model: ExtraMonitorSupport

  Processor 2: Vertex: 'AbstractPopulationVertex_3', pop size: 13584
              Slice on this core: 5865:6119 (255 atoms)
              Model: AbstractPopulationVertex

  Processor 3: Vertex: 'AbstractPopulationVertex_3', pop size: 13584
              Slice on this core: 6120:6374 (255 atoms)
              Model: AbstractPopulationVertex

  Processor 4: Vertex: 'AbstractPopulationVertex_3', pop size: 13584
              Slice on this core: 6375:6629 (255 atoms)
              Model: AbstractPopulationVertex

  Processor 5: Vertex: 'AbstractPopulationVertex_3', pop size: 13584
              Slice on this core: 6630:6884 (255 atoms)
              Model: AbstractPopulationVertex

  Processor 6: Vertex: 'AbstractPopulationVertex_3', pop size: 13584
              Slice on this core: 6885:7139 (255 atoms)
              Model: AbstractPopulationVertex

  Processor 7: Vertex: 'AbstractPopulationVertex_3', pop size: 13584
              Slice on this core: 7140:7394 (255 atoms)
              Model: AbstractPopulationVertex

  Processor 8: Vertex: 'AbstractPopulationVertex_3', pop size: 13584
              Slice on this core: 7395:7649 (255 atoms)
              Model: AbstractPopulationVertex

  Processor 9: Vertex: 'AbstractPopulationVertex_3', pop size: 13584
              Slice on this core: 7650:7904 (255 atoms)
              Model: AbstractPopulationVertex

  Processor 10: Vertex: 'AbstractPopulationVertex_3', pop size: 13584
              Slice on this core: 7905:8159 (255 atoms)
              Model: AbstractPopulationVertex

  Processor 11: Vertex: 'AbstractPopulationVertex_3', pop size: 13584
              Slice on this core: 8160:8414 (255 atoms)
              Model: AbstractPopulationVertex

  Processor 12: Vertex: 'AbstractPopulationVertex_3', pop size: 13584
              Slice on this core: 8415:8669 (255 atoms)
              Model: AbstractPopulationVertex

  Processor 13: Vertex: 'AbstractPopulationVertex_3', pop size: 13584
              Slice on this core: 8670:8924 (255 atoms)
              Model: AbstractPopulationVertex

  Processor 14: Vertex: 'AbstractPopulationVertex_3', pop size: 13584
              Slice on this core: 8925:9179 (255 atoms)
              Model: AbstractPopulationVertex

  Processor 15: Vertex: 'AbstractPopulationVertex_3', pop size: 13584
              Slice on this core: 9180:9434 (255 atoms)
              Model: AbstractPopulationVertex

  Processor 16: Vertex: 'AbstractPopulationVertex_3', pop size: 13584
              Slice on this core: 9435:9689 (255 atoms)
              Model: AbstractPopulationVertex

**** Chip: (1, 2)
Application cores: 17
  Processor 1: Vertex: 'ExtraMonitorSupport6', pop size: 1
              Slice on this core: 0:0 (1 atoms)
              Model: ExtraMonitorSupport

  Processor 2: Vertex: 'AbstractPopulationVertex_4', pop size: 13584
              Slice on this core: 11220:11474 (255 atoms)
              Model: AbstractPopulationVertex

  Processor 3: Vertex: 'AbstractPopulationVertex_4', pop size: 13584
              Slice on this core: 11475:11729 (255 atoms)
              Model: AbstractPopulationVertex

  Processor 4: Vertex: 'AbstractPopulationVertex_4', pop size: 13584
              Slice on this core: 11730:11984 (255 atoms)
              Model: AbstractPopulationVertex

  Processor 5: Vertex: 'AbstractPopulationVertex_4', pop size: 13584
              Slice on this core: 11985:12239 (255 atoms)
              Model: AbstractPopulationVertex

  Processor 6: Vertex: 'AbstractPopulationVertex_4', pop size: 13584
              Slice on this core: 12240:12494 (255 atoms)
              Model: AbstractPopulationVertex

  Processor 7: Vertex: 'AbstractPopulationVertex_4', pop size: 13584
              Slice on this core: 12495:12749 (255 atoms)
              Model: AbstractPopulationVertex

  Processor 8: Vertex: 'AbstractPopulationVertex_4', pop size: 13584
              Slice on this core: 12750:13004 (255 atoms)
              Model: AbstractPopulationVertex

  Processor 9: Vertex: 'AbstractPopulationVertex_4', pop size: 13584
              Slice on this core: 13005:13259 (255 atoms)
              Model: AbstractPopulationVertex

  Processor 10: Vertex: 'AbstractPopulationVertex_4', pop size: 13584
              Slice on this core: 13260:13514 (255 atoms)
              Model: AbstractPopulationVertex

  Processor 11: Vertex: 'AbstractPopulationVertex_4', pop size: 13584
              Slice on this core: 13515:13583 (69 atoms)
              Model: AbstractPopulationVertex

  Processor 12: Vertex: 'AbstractPopulationVertex_5', pop size: 9
              Slice on this core: 0:8 (9 atoms)
              Model: AbstractPopulationVertex

  Processor 13: Vertex: 'AbstractPopulationVertex_6', pop size: 96
              Slice on this core: 0:95 (96 atoms)
              Model: AbstractPopulationVertex

  Processor 14: Vertex: 'AbstractPopulationVertex_7', pop size: 96
              Slice on this core: 0:95 (96 atoms)
              Model: AbstractPopulationVertex

  Processor 15: Vertex: 'AbstractPopulationVertex_8', pop size: 8
              Slice on this core: 0:7 (8 atoms)
              Model: AbstractPopulationVertex

  Processor 16: Vertex: 'SpikeSourceArrayVertex_9', pop size: 13584
              Slice on this core: 0:13583 (13584 atoms)
              Model: SpikeSourceArrayVertex

**** Chip: (1, 3)
Application cores: 17
  Processor 1: Vertex: 'ExtraMonitorSupport7', pop size: 1
              Slice on this core: 0:0 (1 atoms)
              Model: ExtraMonitorSupport

**** Chip: (1, 4)
Application cores: 17
  Processor 1: Vertex: 'ExtraMonitorSupport8', pop size: 1
              Slice on this core: 0:0 (1 atoms)
              Model: ExtraMonitorSupport

**** Chip: (2, 0)
Application cores: 17
  Processor 1: Vertex: 'ExtraMonitorSupport9', pop size: 1
              Slice on this core: 0:0 (1 atoms)
              Model: ExtraMonitorSupport

  Processor 2: Vertex: 'AbstractPopulationVertex_3', pop size: 13584
              Slice on this core: 13515:13583 (69 atoms)
              Model: AbstractPopulationVertex

  Processor 3: Vertex: 'AbstractPopulationVertex_4', pop size: 13584
              Slice on this core: 0:254 (255 atoms)
              Model: AbstractPopulationVertex

  Processor 4: Vertex: 'AbstractPopulationVertex_4', pop size: 13584
              Slice on this core: 255:509 (255 atoms)
              Model: AbstractPopulationVertex

  Processor 5: Vertex: 'AbstractPopulationVertex_4', pop size: 13584
              Slice on this core: 510:764 (255 atoms)
              Model: AbstractPopulationVertex

  Processor 6: Vertex: 'AbstractPopulationVertex_4', pop size: 13584
              Slice on this core: 765:1019 (255 atoms)
              Model: AbstractPopulationVertex

  Processor 7: Vertex: 'AbstractPopulationVertex_4', pop size: 13584
              Slice on this core: 1020:1274 (255 atoms)
              Model: AbstractPopulationVertex

  Processor 8: Vertex: 'AbstractPopulationVertex_4', pop size: 13584
              Slice on this core: 1275:1529 (255 atoms)
              Model: AbstractPopulationVertex

  Processor 9: Vertex: 'AbstractPopulationVertex_4', pop size: 13584
              Slice on this core: 1530:1784 (255 atoms)
              Model: AbstractPopulationVertex

  Processor 10: Vertex: 'AbstractPopulationVertex_4', pop size: 13584
              Slice on this core: 1785:2039 (255 atoms)
              Model: AbstractPopulationVertex

  Processor 11: Vertex: 'AbstractPopulationVertex_4', pop size: 13584
              Slice on this core: 2040:2294 (255 atoms)
              Model: AbstractPopulationVertex

  Processor 12: Vertex: 'AbstractPopulationVertex_4', pop size: 13584
              Slice on this core: 2295:2549 (255 atoms)
              Model: AbstractPopulationVertex

  Processor 13: Vertex: 'AbstractPopulationVertex_4', pop size: 13584
              Slice on this core: 2550:2804 (255 atoms)
              Model: AbstractPopulationVertex

  Processor 14: Vertex: 'AbstractPopulationVertex_4', pop size: 13584
              Slice on this core: 2805:3059 (255 atoms)
              Model: AbstractPopulationVertex

  Processor 15: Vertex: 'AbstractPopulationVertex_4', pop size: 13584
              Slice on this core: 3060:3314 (255 atoms)
              Model: AbstractPopulationVertex

  Processor 16: Vertex: 'AbstractPopulationVertex_4', pop size: 13584
              Slice on this core: 3315:3569 (255 atoms)
              Model: AbstractPopulationVertex

**** Chip: (2, 1)
Application cores: 17
  Processor 1: Vertex: 'ExtraMonitorSupport10', pop size: 1
              Slice on this core: 0:0 (1 atoms)
              Model: ExtraMonitorSupport

  Processor 2: Vertex: 'AbstractPopulationVertex_4', pop size: 13584
              Slice on this core: 3570:3824 (255 atoms)
              Model: AbstractPopulationVertex

  Processor 3: Vertex: 'AbstractPopulationVertex_4', pop size: 13584
              Slice on this core: 3825:4079 (255 atoms)
              Model: AbstractPopulationVertex

  Processor 4: Vertex: 'AbstractPopulationVertex_4', pop size: 13584
              Slice on this core: 4080:4334 (255 atoms)
              Model: AbstractPopulationVertex

  Processor 5: Vertex: 'AbstractPopulationVertex_4', pop size: 13584
              Slice on this core: 4335:4589 (255 atoms)
              Model: AbstractPopulationVertex

  Processor 6: Vertex: 'AbstractPopulationVertex_4', pop size: 13584
              Slice on this core: 4590:4844 (255 atoms)
              Model: AbstractPopulationVertex

  Processor 7: Vertex: 'AbstractPopulationVertex_4', pop size: 13584
              Slice on this core: 4845:5099 (255 atoms)
              Model: AbstractPopulationVertex

  Processor 8: Vertex: 'AbstractPopulationVertex_4', pop size: 13584
              Slice on this core: 5100:5354 (255 atoms)
              Model: AbstractPopulationVertex

  Processor 9: Vertex: 'AbstractPopulationVertex_4', pop size: 13584
              Slice on this core: 5355:5609 (255 atoms)
              Model: AbstractPopulationVertex

  Processor 10: Vertex: 'AbstractPopulationVertex_4', pop size: 13584
              Slice on this core: 5610:5864 (255 atoms)
              Model: AbstractPopulationVertex

  Processor 11: Vertex: 'AbstractPopulationVertex_4', pop size: 13584
              Slice on this core: 5865:6119 (255 atoms)
              Model: AbstractPopulationVertex

  Processor 12: Vertex: 'AbstractPopulationVertex_4', pop size: 13584
              Slice on this core: 6120:6374 (255 atoms)
              Model: AbstractPopulationVertex

  Processor 13: Vertex: 'AbstractPopulationVertex_4', pop size: 13584
              Slice on this core: 6375:6629 (255 atoms)
              Model: AbstractPopulationVertex

  Processor 14: Vertex: 'AbstractPopulationVertex_4', pop size: 13584
              Slice on this core: 6630:6884 (255 atoms)
              Model: AbstractPopulationVertex

  Processor 15: Vertex: 'AbstractPopulationVertex_4', pop size: 13584
              Slice on this core: 6885:7139 (255 atoms)
              Model: AbstractPopulationVertex

  Processor 16: Vertex: 'AbstractPopulationVertex_4', pop size: 13584
              Slice on this core: 7140:7394 (255 atoms)
              Model: AbstractPopulationVertex

**** Chip: (2, 2)
Application cores: 17
  Processor 1: Vertex: 'ExtraMonitorSupport11', pop size: 1
              Slice on this core: 0:0 (1 atoms)
              Model: ExtraMonitorSupport

  Processor 2: Vertex: 'AbstractPopulationVertex_4', pop size: 13584
              Slice on this core: 7395:7649 (255 atoms)
              Model: AbstractPopulationVertex

  Processor 3: Vertex: 'AbstractPopulationVertex_4', pop size: 13584
              Slice on this core: 7650:7904 (255 atoms)
              Model: AbstractPopulationVertex

  Processor 4: Vertex: 'AbstractPopulationVertex_4', pop size: 13584
              Slice on this core: 7905:8159 (255 atoms)
              Model: AbstractPopulationVertex

  Processor 5: Vertex: 'AbstractPopulationVertex_4', pop size: 13584
              Slice on this core: 8160:8414 (255 atoms)
              Model: AbstractPopulationVertex

  Processor 6: Vertex: 'AbstractPopulationVertex_4', pop size: 13584
              Slice on this core: 8415:8669 (255 atoms)
              Model: AbstractPopulationVertex

  Processor 7: Vertex: 'AbstractPopulationVertex_4', pop size: 13584
              Slice on this core: 8670:8924 (255 atoms)
              Model: AbstractPopulationVertex

  Processor 8: Vertex: 'AbstractPopulationVertex_4', pop size: 13584
              Slice on this core: 8925:9179 (255 atoms)
              Model: AbstractPopulationVertex

  Processor 9: Vertex: 'AbstractPopulationVertex_4', pop size: 13584
              Slice on this core: 9180:9434 (255 atoms)
              Model: AbstractPopulationVertex

  Processor 10: Vertex: 'AbstractPopulationVertex_4', pop size: 13584
              Slice on this core: 9435:9689 (255 atoms)
              Model: AbstractPopulationVertex

  Processor 11: Vertex: 'AbstractPopulationVertex_4', pop size: 13584
              Slice on this core: 9690:9944 (255 atoms)
              Model: AbstractPopulationVertex

  Processor 12: Vertex: 'AbstractPopulationVertex_4', pop size: 13584
              Slice on this core: 9945:10199 (255 atoms)
              Model: AbstractPopulationVertex

  Processor 13: Vertex: 'AbstractPopulationVertex_4', pop size: 13584
              Slice on this core: 10200:10454 (255 atoms)
              Model: AbstractPopulationVertex

  Processor 14: Vertex: 'AbstractPopulationVertex_4', pop size: 13584
              Slice on this core: 10455:10709 (255 atoms)
              Model: AbstractPopulationVertex

  Processor 15: Vertex: 'AbstractPopulationVertex_4', pop size: 13584
              Slice on this core: 10710:10964 (255 atoms)
              Model: AbstractPopulationVertex

  Processor 16: Vertex: 'AbstractPopulationVertex_4', pop size: 13584
              Slice on this core: 10965:11219 (255 atoms)
              Model: AbstractPopulationVertex

**** Chip: (2, 3)
Application cores: 17
  Processor 1: Vertex: 'ExtraMonitorSupport12', pop size: 1
              Slice on this core: 0:0 (1 atoms)
              Model: ExtraMonitorSupport

**** Chip: (2, 4)
Application cores: 17
  Processor 1: Vertex: 'ExtraMonitorSupport13', pop size: 1
              Slice on this core: 0:0 (1 atoms)
              Model: ExtraMonitorSupport

**** Chip: (2, 5)
Application cores: 17
  Processor 1: Vertex: 'ExtraMonitorSupport14', pop size: 1
              Slice on this core: 0:0 (1 atoms)
              Model: ExtraMonitorSupport

**** Chip: (3, 0)
Application cores: 17
  Processor 1: Vertex: 'ExtraMonitorSupport15', pop size: 1
              Slice on this core: 0:0 (1 atoms)
              Model: ExtraMonitorSupport

**** Chip: (3, 1)
Application cores: 17
  Processor 1: Vertex: 'ExtraMonitorSupport16', pop size: 1
              Slice on this core: 0:0 (1 atoms)
              Model: ExtraMonitorSupport

**** Chip: (3, 2)
Application cores: 17
  Processor 1: Vertex: 'ExtraMonitorSupport17', pop size: 1
              Slice on this core: 0:0 (1 atoms)
              Model: ExtraMonitorSupport

**** Chip: (3, 3)
Application cores: 17
  Processor 1: Vertex: 'ExtraMonitorSupport18', pop size: 1
              Slice on this core: 0:0 (1 atoms)
              Model: ExtraMonitorSupport

**** Chip: (3, 4)
Application cores: 17
  Processor 1: Vertex: 'ExtraMonitorSupport19', pop size: 1
              Slice on this core: 0:0 (1 atoms)
              Model: ExtraMonitorSupport

**** Chip: (3, 5)
Application cores: 17
  Processor 1: Vertex: 'ExtraMonitorSupport20', pop size: 1
              Slice on this core: 0:0 (1 atoms)
              Model: ExtraMonitorSupport

**** Chip: (3, 6)
Application cores: 17
  Processor 1: Vertex: 'ExtraMonitorSupport21', pop size: 1
              Slice on this core: 0:0 (1 atoms)
              Model: ExtraMonitorSupport

**** Chip: (4, 0)
Application cores: 17
  Processor 1: Vertex: 'ExtraMonitorSupport22', pop size: 1
              Slice on this core: 0:0 (1 atoms)
              Model: ExtraMonitorSupport

**** Chip: (4, 1)
Application cores: 17
  Processor 1: Vertex: 'ExtraMonitorSupport23', pop size: 1
              Slice on this core: 0:0 (1 atoms)
              Model: ExtraMonitorSupport

**** Chip: (4, 2)
Application cores: 17
  Processor 1: Vertex: 'ExtraMonitorSupport24', pop size: 1
              Slice on this core: 0:0 (1 atoms)
              Model: ExtraMonitorSupport

**** Chip: (4, 3)
Application cores: 17
  Processor 1: Vertex: 'ExtraMonitorSupport25', pop size: 1
              Slice on this core: 0:0 (1 atoms)
              Model: ExtraMonitorSupport

**** Chip: (4, 4)
Application cores: 17
  Processor 1: Vertex: 'ExtraMonitorSupport26', pop size: 1
              Slice on this core: 0:0 (1 atoms)
              Model: ExtraMonitorSupport

**** Chip: (4, 5)
Application cores: 17
  Processor 1: Vertex: 'ExtraMonitorSupport27', pop size: 1
              Slice on this core: 0:0 (1 atoms)
              Model: ExtraMonitorSupport

**** Chip: (4, 6)
Application cores: 17
  Processor 1: Vertex: 'ExtraMonitorSupport28', pop size: 1
              Slice on this core: 0:0 (1 atoms)
              Model: ExtraMonitorSupport

**** Chip: (4, 7)
Application cores: 17
  Processor 1: Vertex: 'ExtraMonitorSupport29', pop size: 1
              Slice on this core: 0:0 (1 atoms)
              Model: ExtraMonitorSupport

**** Chip: (5, 1)
Application cores: 17
  Processor 1: Vertex: 'ExtraMonitorSupport30', pop size: 1
              Slice on this core: 0:0 (1 atoms)
              Model: ExtraMonitorSupport

**** Chip: (5, 2)
Application cores: 17
  Processor 1: Vertex: 'ExtraMonitorSupport31', pop size: 1
              Slice on this core: 0:0 (1 atoms)
              Model: ExtraMonitorSupport

**** Chip: (5, 3)
Application cores: 17
  Processor 1: Vertex: 'ExtraMonitorSupport32', pop size: 1
              Slice on this core: 0:0 (1 atoms)
              Model: ExtraMonitorSupport

**** Chip: (5, 4)
Application cores: 17
  Processor 1: Vertex: 'ExtraMonitorSupport33', pop size: 1
              Slice on this core: 0:0 (1 atoms)
              Model: ExtraMonitorSupport

**** Chip: (5, 5)
Application cores: 17
  Processor 1: Vertex: 'ExtraMonitorSupport34', pop size: 1
              Slice on this core: 0:0 (1 atoms)
              Model: ExtraMonitorSupport

**** Chip: (5, 6)
Application cores: 17
  Processor 1: Vertex: 'ExtraMonitorSupport35', pop size: 1
              Slice on this core: 0:0 (1 atoms)
              Model: ExtraMonitorSupport

**** Chip: (5, 7)
Application cores: 17
  Processor 1: Vertex: 'ExtraMonitorSupport36', pop size: 1
              Slice on this core: 0:0 (1 atoms)
              Model: ExtraMonitorSupport

**** Chip: (6, 2)
Application cores: 17
  Processor 1: Vertex: 'ExtraMonitorSupport37', pop size: 1
              Slice on this core: 0:0 (1 atoms)
              Model: ExtraMonitorSupport

**** Chip: (6, 3)
Application cores: 17
  Processor 1: Vertex: 'ExtraMonitorSupport38', pop size: 1
              Slice on this core: 0:0 (1 atoms)
              Model: ExtraMonitorSupport

**** Chip: (6, 4)
Application cores: 17
  Processor 1: Vertex: 'ExtraMonitorSupport39', pop size: 1
              Slice on this core: 0:0 (1 atoms)
              Model: ExtraMonitorSupport

**** Chip: (6, 5)
Application cores: 17
  Processor 1: Vertex: 'ExtraMonitorSupport40', pop size: 1
              Slice on this core: 0:0 (1 atoms)
              Model: ExtraMonitorSupport

**** Chip: (6, 6)
Application cores: 17
  Processor 1: Vertex: 'ExtraMonitorSupport41', pop size: 1
              Slice on this core: 0:0 (1 atoms)
              Model: ExtraMonitorSupport

**** Chip: (6, 7)
Application cores: 17
  Processor 1: Vertex: 'ExtraMonitorSupport42', pop size: 1
              Slice on this core: 0:0 (1 atoms)
              Model: ExtraMonitorSupport

**** Chip: (7, 3)
Application cores: 17
  Processor 1: Vertex: 'ExtraMonitorSupport43', pop size: 1
              Slice on this core: 0:0 (1 atoms)
              Model: ExtraMonitorSupport

**** Chip: (7, 4)
Application cores: 17
  Processor 1: Vertex: 'ExtraMonitorSupport44', pop size: 1
              Slice on this core: 0:0 (1 atoms)
              Model: ExtraMonitorSupport

**** Chip: (7, 5)
Application cores: 17
  Processor 1: Vertex: 'ExtraMonitorSupport45', pop size: 1
              Slice on this core: 0:0 (1 atoms)
              Model: ExtraMonitorSupport

**** Chip: (7, 6)
Application cores: 17
  Processor 1: Vertex: 'ExtraMonitorSupport46', pop size: 1
              Slice on this core: 0:0 (1 atoms)
              Model: ExtraMonitorSupport

**** Chip: (7, 7)
Application cores: 17
  Processor 1: Vertex: 'ExtraMonitorSupport47', pop size: 1
              Slice on this core: 0:0 (1 atoms)
              Model: ExtraMonitorSupport

