Router contains 40 entries
Index Key        Mask       Route      Default [Cores][Links]
----- ---------- ---------- ---------- ------- --------------
    0 0x00000A00 0xFFFFFF00 0x00000010 False   [] [SW]
    1 0x00000B00 0xFFFFFF00 0x00000010 False   [] [SW]
    2 0x00000C00 0xFFFFFF00 0x00000010 False   [] [SW]
    3 0x00000D00 0xFFFFFF00 0x00000010 False   [] [SW]
    4 0x00000E00 0xFFFFFF00 0x00000010 False   [] [SW]
    5 0x00000F00 0xFFFFFF00 0x00000010 False   [] [SW]
    6 0x00001000 0xFFFFFF00 0x00000010 False   [] [SW]
    7 0x00001100 0xFFFFFF00 0x00000010 False   [] [SW]
    8 0x00001200 0xFFFFFF00 0x00000010 False   [] [SW]
    9 0x00001300 0xFFFFFF00 0x00000010 False   [] [SW]
   10 0x00001400 0xFFFFFF00 0x00000010 False   [] [SW]
   11 0x00001500 0xFFFFFF00 0x00000010 False   [] [SW]
   12 0x00001600 0xFFFFFF00 0x00000010 False   [] [SW]
   13 0x00001700 0xFFFFFF00 0x00000010 False   [] [SW]
   14 0x00001800 0xFFFFFF00 0x00000010 False   [] [SW]
   15 0x00001900 0xFFFFFF00 0x00000010 False   [] [SW]
   16 0x00001A00 0xFFFFFF00 0x00000010 False   [] [SW]
   17 0x00001B00 0xFFFFFF00 0x00000010 False   [] [SW]
   18 0x00001C00 0xFFFFFF00 0x00000010 False   [] [SW]
   19 0x00001D00 0xFFFFFF00 0x00000010 False   [] [SW]
   20 0x00001E00 0xFFFFFF00 0x00000010 False   [] [SW]
   21 0x00001F00 0xFFFFFF00 0x00000010 False   [] [SW]
   22 0x00002000 0xFFFFFF00 0x00000010 False   [] [SW]
   23 0x00002100 0xFFFFFF00 0x00000010 False   [] [SW]
   24 0x00002200 0xFFFFFF00 0x00000010 False   [] [SW]
   25 0x00002300 0xFFFFFF00 0x00000010 False   [] [SW]
   26 0x00002400 0xFFFFFF00 0x00000010 False   [] [SW]
   27 0x00002500 0xFFFFFF00 0x00000010 False   [] [SW]
   28 0x00002600 0xFFFFFF00 0x00000010 False   [] [SW]
   29 0x00002700 0xFFFFFF00 0x00000010 False   [] [SW]
   30 0x00002800 0xFFFFFF00 0x00000010 False   [] [SW]
   31 0x00002900 0xFFFFFF00 0x00000010 False   [] [SW]
   32 0x00002A00 0xFFFFFF00 0x00000010 False   [] [SW]
   33 0x00002B00 0xFFFFFF00 0x00000010 False   [] [SW]
   34 0x00002C00 0xFFFFFF00 0x00000010 False   [] [SW]
   35 0x00002D00 0xFFFFFF00 0x00000010 False   [] [SW]
   36 0x00002E00 0xFFFFFF00 0x00000010 False   [] [SW]
   37 0x00002F00 0xFFFFFF00 0x00000010 False   [] [SW]
   38 0x00003000 0xFFFFFF00 0x00000010 False   [] [SW]
   39 0x00003100 0xFFFFFF80 0x00000010 False   [] [SW]
0 Defaultable entries
