Router contains 16 entries
Index Key        Mask       Route      Default [Cores][Links]
----- ---------- ---------- ---------- ------- --------------
    0 0x00001900 0xFFFFFF00 0x00000010 False   [] [SW]
    1 0x00001A00 0xFFFFFF00 0x00000010 False   [] [SW]
    2 0x00001B00 0xFFFFFF00 0x00000010 False   [] [SW]
    3 0x00001C00 0xFFFFFF00 0x00000010 False   [] [SW]
    4 0x00001D00 0xFFFFFF00 0x00000010 False   [] [SW]
    5 0x00001E00 0xFFFFFF00 0x00000010 False   [] [SW]
    6 0x00001F00 0xFFFFFF00 0x00000010 False   [] [SW]
    7 0x00002000 0xFFFFFF00 0x00000010 False   [] [SW]
    8 0x00002100 0xFFFFFF00 0x00000010 False   [] [SW]
    9 0x00002200 0xFFFFFF00 0x00000010 False   [] [SW]
   10 0x00002300 0xFFFFFF00 0x00000010 False   [] [SW]
   11 0x00002400 0xFFFFFF00 0x00000010 False   [] [SW]
   12 0x00002500 0xFFFFFF00 0x00000010 False   [] [SW]
   13 0x00002600 0xFFFFFF00 0x00000010 False   [] [SW]
   14 0x00002700 0xFFFFFF00 0x00000010 False   [] [SW]
   15 0x00004000 0xFFFFC000 0x007FFF20 False   [2, 3, 4, 5, 6, 7, 8, 9, 10, 11, 12, 13, 14, 15, 16] [S]
0 Defaultable entries
